#
# There is insufficient memory for the Java Runtime Environment to continue.
# Native memory allocation (malloc) failed to allocate 32784 bytes. Error detail: Chunk::new
# Possible reasons:
#   The system is out of physical RAM or swap space
#   This process is running with CompressedOops enabled, and the Java Heap may be blocking the growth of the native heap
# Possible solutions:
#   Reduce memory load on the system
#   Increase physical memory or swap space
#   Check if swap backing store is full
#   Decrease Java heap size (-Xmx/-Xms)
#   Decrease number of Java threads
#   Decrease Java thread stack sizes (-Xss)
#   Set larger code cache with -XX:ReservedCodeCacheSize=
#   JVM is running with Unscaled Compressed Oops mode in which the Java heap is
#     placed in the first 4GB address space. The Java Heap base address is the
#     maximum limit for the native heap growth. Please use -XX:HeapBaseMinAddress
#     to set the Java Heap base and to place the Java Heap above 4GB virtual address.
# This output file may be truncated or incomplete.
#
#  Out of Memory Error (arena.cpp:168), pid=20724, tid=24548
#
# JRE version: OpenJDK Runtime Environment (21.0.5) (build 21.0.5+-13047016-b750.29)
# Java VM: OpenJDK 64-Bit Server VM (21.0.5+-13047016-b750.29, mixed mode, tiered, compressed oops, compressed class ptrs, g1 gc, windows-amd64)
# No core dump will be written. Minidumps are not enabled by default on client versions of Windows
#

---------------  S U M M A R Y ------------

Command Line: --add-opens=java.base/java.lang=ALL-UNNAMED --add-opens=java.base/java.lang.invoke=ALL-UNNAMED --add-opens=java.base/java.util=ALL-UNNAMED --add-opens=java.prefs/java.util.prefs=ALL-UNNAMED --add-exports=jdk.compiler/com.sun.tools.javac.api=ALL-UNNAMED --add-exports=jdk.compiler/com.sun.tools.javac.util=ALL-UNNAMED --add-opens=java.base/java.util=ALL-UNNAMED --add-opens=java.prefs/java.util.prefs=ALL-UNNAMED --add-opens=java.base/java.nio.charset=ALL-UNNAMED --add-opens=java.base/java.net=ALL-UNNAMED --add-opens=java.base/java.util.concurrent.atomic=ALL-UNNAMED --add-opens=java.xml/javax.xml.namespace=ALL-UNNAMED -Xmx2048m -Dfile.encoding=UTF-8 -Duser.country=US -Duser.language=en -Duser.variant -javaagent:C:\Users\admin\.gradle\wrapper\dists\gradle-8.11.1-bin\bpt9gzteqjrbo1mjrsomdt32c\gradle-8.11.1\lib\agents\gradle-instrumentation-agent-8.11.1.jar org.gradle.launcher.daemon.bootstrap.GradleDaemon 8.11.1

Host: 11th Gen Intel(R) Core(TM) i5-11320H @ 3.20GHz, 8 cores, 7G,  Windows 11 , 64 bit Build 22621 (10.0.22621.5124)
Time: Thu Apr 17 16:50:53 2025 SE Asia Standard Time elapsed time: 40.066018 seconds (0d 0h 0m 40s)

---------------  T H R E A D  ---------------

Current thread (0x000002971d267030):  JavaThread "C2 CompilerThread2" daemon [_thread_in_native, id=24548, stack(0x000000ff02100000,0x000000ff02200000) (1024K)]


Current CompileTask:
C2:40066 13952       4       java.io.DataOutputStream::writeUTF (389 bytes)

Stack: [0x000000ff02100000,0x000000ff02200000]
Native frames: (J=compiled Java code, j=interpreted, Vv=VM code, C=native code)
V  [jvm.dll+0x6cfb29]
V  [jvm.dll+0x85df93]
V  [jvm.dll+0x8604ee]
V  [jvm.dll+0x860bd3]
V  [jvm.dll+0x27e6b6]
V  [jvm.dll+0xbff6d]
V  [jvm.dll+0xc04a3]
V  [jvm.dll+0xc0095]
V  [jvm.dll+0x72621c]
V  [jvm.dll+0x6048c7]
V  [jvm.dll+0x5e9ecc]
V  [jvm.dll+0x5ec059]
V  [jvm.dll+0x5f6abf]
V  [jvm.dll+0x5ef467]
V  [jvm.dll+0x5f3d53]
V  [jvm.dll+0x5f348d]
V  [jvm.dll+0x5f3370]
V  [jvm.dll+0x5f34ee]
V  [jvm.dll+0x5fa89c]
V  [jvm.dll+0x250d62]
V  [jvm.dll+0x25111f]
V  [jvm.dll+0x2498d5]
V  [jvm.dll+0x24712e]
V  [jvm.dll+0x1c5ee4]
V  [jvm.dll+0x25697c]
V  [jvm.dll+0x254ec6]
V  [jvm.dll+0x3f0ce6]
V  [jvm.dll+0x806368]
V  [jvm.dll+0x6ce3fd]
C  [ucrtbase.dll+0x29333]
C  [KERNEL32.DLL+0x1259d]
C  [ntdll.dll+0x5af38]


---------------  P R O C E S S  ---------------

Threads class SMR info:
_java_thread_list=0x000002971eec1f40, length=129, elements={
0x000002977a238b70, 0x0000029713c28220, 0x0000029713c29000, 0x0000029713c2a290,
0x0000029713c07d30, 0x0000029713c09790, 0x0000029713c121f0, 0x0000029713c130a0,
0x0000029713c34fe0, 0x0000029713d3c370, 0x0000029713f16af0, 0x00000297199aae50,
0x00000297199a0320, 0x0000029719c18390, 0x0000029719af9ed0, 0x0000029719afa530,
0x0000029719b35af0, 0x0000029719b484d0, 0x0000029719b42dc0, 0x0000029719b44cb0,
0x0000029719d3ed60, 0x0000029719d414c0, 0x0000029719d40110, 0x0000029719d407a0,
0x0000029719d3f3f0, 0x0000029719d40e30, 0x0000029719d3fa80, 0x0000029719d3e040,
0x000002971b6af960, 0x000002971b6afff0, 0x000002971b6b0680, 0x000002971b6b0d10,
0x000002971b6a9d80, 0x000002971b6aa410, 0x000002971b6ac4e0, 0x000002971b6adf20,
0x000002971b6aec40, 0x000002971b6ab130, 0x000002971b6ae5b0, 0x000002971b6acb70,
0x000002971b6ab7c0, 0x000002971b6ad200, 0x000002971b6af2d0, 0x000002971b6ad890,
0x000002971ceadeb0, 0x000002971ceae540, 0x000002971ceb0610, 0x000002971ceaff80,
0x000002971ceb0ca0, 0x000002971ceaf8f0, 0x000002971ceaebd0, 0x000002971ceaf260,
0x000002971cd0d130, 0x000002971d0ca290, 0x000002971d0c6e10, 0x000002971d0c9c00,
0x000002971d0c4d40, 0x000002971d0ca920, 0x000002971d0c53d0, 0x000002971d0c60f0,
0x000002971d0c4020, 0x000002971d0c8ee0, 0x000002971d7c0550, 0x000002971d7beb10,
0x000002971d7bf1a0, 0x000002971d7bfec0, 0x000002971d7c0be0, 0x000002971d7c1270,
0x000002971b436cb0, 0x000002971b432480, 0x000002971b435270, 0x000002971b437340,
0x000002971b434550, 0x000002971b430a40, 0x000002971b4379d0, 0x000002971b432b10,
0x000002971d7bf830, 0x000002971d7bddf0, 0x000002971b431df0, 0x000002971b433ec0,
0x000002971b438060, 0x000002971b431760, 0x000002971b4310d0, 0x000002971b436620,
0x000002971b434be0, 0x000002971b435900, 0x000002971b435f90, 0x000002971b4331a0,
0x000002971d0c46b0, 0x000002971d0c6780, 0x000002971d0c74a0, 0x000002971d0c81c0,
0x000002971cd0a9d0, 0x000002971cd0b060, 0x000002971cd0bd80, 0x000002971b6a96f0,
0x00000297244cf880, 0x00000297244cf1f0, 0x00000297244d1950, 0x00000297244cff10,
0x00000297244ceb60, 0x00000297244d2670, 0x00000297244ce4d0, 0x00000297244d05a0,
0x00000297244d1fe0, 0x00000297244d3a20, 0x00000297244d2d00, 0x00000297244d3390,
0x00000297244d0c30, 0x00000297244d40b0, 0x00000297244cde40, 0x00000297244d12c0,
0x00000297244d4740, 0x00000297244cd7b0, 0x00000297244d4dd0, 0x000002971e5efb20,
0x000002971e5f2fa0, 0x000002971e5f4350, 0x000002971e5eda50, 0x000002971c6434e0,
0x000002971c642e50, 0x000002971c6462d0, 0x000002971c6406f0, 0x000002971c640060,
0x000002971c645c40, 0x000002971c643b70, 0x000002971c641aa0, 0x000002971b9b06f0,
0x000002971d267030
}

Java Threads: ( => current thread )
  0x000002977a238b70 JavaThread "main"                              [_thread_blocked, id=18352, stack(0x000000ff78f00000,0x000000ff79000000) (1024K)]
  0x0000029713c28220 JavaThread "Reference Handler"          daemon [_thread_blocked, id=12100, stack(0x000000ff79700000,0x000000ff79800000) (1024K)]
  0x0000029713c29000 JavaThread "Finalizer"                  daemon [_thread_blocked, id=16456, stack(0x000000ff79800000,0x000000ff79900000) (1024K)]
  0x0000029713c2a290 JavaThread "Signal Dispatcher"          daemon [_thread_blocked, id=19628, stack(0x000000ff79900000,0x000000ff79a00000) (1024K)]
  0x0000029713c07d30 JavaThread "Attach Listener"            daemon [_thread_blocked, id=23244, stack(0x000000ff79a00000,0x000000ff79b00000) (1024K)]
  0x0000029713c09790 JavaThread "Service Thread"             daemon [_thread_blocked, id=24836, stack(0x000000ff79b00000,0x000000ff79c00000) (1024K)]
  0x0000029713c121f0 JavaThread "Monitor Deflation Thread"   daemon [_thread_blocked, id=8416, stack(0x000000ff79c00000,0x000000ff79d00000) (1024K)]
  0x0000029713c130a0 JavaThread "C2 CompilerThread0"         daemon [_thread_in_native, id=25368, stack(0x000000ff79d00000,0x000000ff79e00000) (1024K)]
  0x0000029713c34fe0 JavaThread "C1 CompilerThread0"         daemon [_thread_blocked, id=8736, stack(0x000000ff79e00000,0x000000ff79f00000) (1024K)]
  0x0000029713d3c370 JavaThread "Common-Cleaner"             daemon [_thread_blocked, id=22392, stack(0x000000ff79f00000,0x000000ff7a000000) (1024K)]
  0x0000029713f16af0 JavaThread "Notification Thread"        daemon [_thread_blocked, id=16184, stack(0x000000ff7a000000,0x000000ff7a100000) (1024K)]
  0x00000297199aae50 JavaThread "Daemon health stats"               [_thread_blocked, id=21760, stack(0x000000ff7a700000,0x000000ff7a800000) (1024K)]
  0x00000297199a0320 JavaThread "Incoming local TCP Connector on port 55034"        [_thread_in_native, id=18748, stack(0x000000ff7a800000,0x000000ff7a900000) (1024K)]
  0x0000029719c18390 JavaThread "Daemon periodic checks"            [_thread_blocked, id=25188, stack(0x000000ff7a900000,0x000000ff7aa00000) (1024K)]
  0x0000029719af9ed0 JavaThread "Daemon"                            [_thread_blocked, id=15912, stack(0x000000ff7aa00000,0x000000ff7ab00000) (1024K)]
  0x0000029719afa530 JavaThread "Handler for socket connection from /127.0.0.1:55034 to /127.0.0.1:55035"        [_thread_in_native, id=19800, stack(0x000000ff7ab00000,0x000000ff7ac00000) (1024K)]
  0x0000029719b35af0 JavaThread "Cancel handler"                    [_thread_blocked, id=2956, stack(0x000000ff7ac00000,0x000000ff7ad00000) (1024K)]
  0x0000029719b484d0 JavaThread "Daemon worker"                     [_thread_in_vm, id=24400, stack(0x000000ff7ad00000,0x000000ff7ae00000) (1024K)]
  0x0000029719b42dc0 JavaThread "Asynchronous log dispatcher for DefaultDaemonConnection: socket connection from /127.0.0.1:55034 to /127.0.0.1:55035"        [_thread_blocked, id=18012, stack(0x000000ff7ae00000,0x000000ff7af00000) (1024K)]
  0x0000029719b44cb0 JavaThread "Stdin handler"                     [_thread_blocked, id=7528, stack(0x000000ff7af00000,0x000000ff7b000000) (1024K)]
  0x0000029719d3ed60 JavaThread "Cache worker for journal cache (C:\Users\admin\.gradle\caches\journal-1)"        [_thread_blocked, id=2080, stack(0x000000ff7b400000,0x000000ff7b500000) (1024K)]
  0x0000029719d414c0 JavaThread "File lock request listener"        [_thread_in_native, id=18668, stack(0x000000ff7b500000,0x000000ff7b600000) (1024K)]
  0x0000029719d40110 JavaThread "Cache worker for file hash cache (C:\Users\admin\.gradle\caches\8.11.1\fileHashes)"        [_thread_blocked, id=19576, stack(0x000000ff7b600000,0x000000ff7b700000) (1024K)]
  0x0000029719d407a0 JavaThread "Cache worker for file content cache (C:\Users\admin\.gradle\caches\8.11.1\fileContent)"        [_thread_blocked, id=21356, stack(0x000000ff7b700000,0x000000ff7b800000) (1024K)]
  0x0000029719d3f3f0 JavaThread "Cache worker for file hash cache (E:\A_S_P\ListView\.gradle\8.11.1\fileHashes)"        [_thread_blocked, id=19960, stack(0x000000ff7b800000,0x000000ff7b900000) (1024K)]
  0x0000029719d40e30 JavaThread "Cache worker for Build Output Cleanup Cache (E:\A_S_P\ListView\.gradle\buildOutputCleanup)"        [_thread_blocked, id=23892, stack(0x000000ff7b900000,0x000000ff7ba00000) (1024K)]
  0x0000029719d3fa80 JavaThread "File watcher server"        daemon [_thread_in_native, id=20144, stack(0x000000ff7ba00000,0x000000ff7bb00000) (1024K)]
  0x0000029719d3e040 JavaThread "File watcher consumer"      daemon [_thread_blocked, id=18524, stack(0x000000ff7bb00000,0x000000ff7bc00000) (1024K)]
  0x000002971b6af960 JavaThread "Cache worker for checksums cache (E:\A_S_P\ListView\.gradle\8.11.1\checksums)"        [_thread_blocked, id=11212, stack(0x000000ff7bc00000,0x000000ff7bd00000) (1024K)]
  0x000002971b6afff0 JavaThread "Cache worker for cache directory md-rule (C:\Users\admin\.gradle\caches\8.11.1\md-rule)"        [_thread_blocked, id=16536, stack(0x000000ff7bd00000,0x000000ff7be00000) (1024K)]
  0x000002971b6b0680 JavaThread "Cache worker for cache directory md-supplier (C:\Users\admin\.gradle\caches\8.11.1\md-supplier)"        [_thread_blocked, id=17288, stack(0x000000ff7be00000,0x000000ff7bf00000) (1024K)]
  0x000002971b6b0d10 JavaThread "Unconstrained build operations"        [_thread_blocked, id=15856, stack(0x000000ff7bf00000,0x000000ff7c000000) (1024K)]
  0x000002971b6a9d80 JavaThread "Unconstrained build operations Thread 2"        [_thread_blocked, id=12332, stack(0x000000ff7c000000,0x000000ff7c100000) (1024K)]
  0x000002971b6aa410 JavaThread "Unconstrained build operations Thread 3"        [_thread_blocked, id=21072, stack(0x000000ff7c100000,0x000000ff7c200000) (1024K)]
  0x000002971b6ac4e0 JavaThread "Unconstrained build operations Thread 4"        [_thread_blocked, id=8824, stack(0x000000ff7c200000,0x000000ff7c300000) (1024K)]
  0x000002971b6adf20 JavaThread "Unconstrained build operations Thread 5"        [_thread_blocked, id=20928, stack(0x000000ff7c300000,0x000000ff7c400000) (1024K)]
  0x000002971b6aec40 JavaThread "Unconstrained build operations Thread 6"        [_thread_blocked, id=19428, stack(0x000000ff7c400000,0x000000ff7c500000) (1024K)]
  0x000002971b6ab130 JavaThread "Unconstrained build operations Thread 7"        [_thread_blocked, id=18284, stack(0x000000ff7c500000,0x000000ff7c600000) (1024K)]
  0x000002971b6ae5b0 JavaThread "Unconstrained build operations Thread 8"        [_thread_blocked, id=16624, stack(0x000000ff7c600000,0x000000ff7c700000) (1024K)]
  0x000002971b6acb70 JavaThread "Unconstrained build operations Thread 9"        [_thread_blocked, id=19768, stack(0x000000ff7c700000,0x000000ff7c800000) (1024K)]
  0x000002971b6ab7c0 JavaThread "Unconstrained build operations Thread 10"        [_thread_blocked, id=14816, stack(0x000000ff7c800000,0x000000ff7c900000) (1024K)]
  0x000002971b6ad200 JavaThread "Unconstrained build operations Thread 11"        [_thread_blocked, id=15472, stack(0x000000ff7c900000,0x000000ff7ca00000) (1024K)]
  0x000002971b6af2d0 JavaThread "Unconstrained build operations Thread 12"        [_thread_blocked, id=17424, stack(0x000000ff7ca00000,0x000000ff7cb00000) (1024K)]
  0x000002971b6ad890 JavaThread "Unconstrained build operations Thread 13"        [_thread_blocked, id=24376, stack(0x000000ff7cb00000,0x000000ff7cc00000) (1024K)]
  0x000002971ceadeb0 JavaThread "Unconstrained build operations Thread 14"        [_thread_blocked, id=21552, stack(0x000000ff7cc00000,0x000000ff7cd00000) (1024K)]
  0x000002971ceae540 JavaThread "Unconstrained build operations Thread 15"        [_thread_blocked, id=21648, stack(0x000000ff7cd00000,0x000000ff7ce00000) (1024K)]
  0x000002971ceb0610 JavaThread "Unconstrained build operations Thread 16"        [_thread_blocked, id=9676, stack(0x000000ff7ce00000,0x000000ff7cf00000) (1024K)]
  0x000002971ceaff80 JavaThread "Unconstrained build operations Thread 17"        [_thread_blocked, id=560, stack(0x000000ff7cf00000,0x000000ff7d000000) (1024K)]
  0x000002971ceb0ca0 JavaThread "Unconstrained build operations Thread 18"        [_thread_blocked, id=23984, stack(0x000000ff7d000000,0x000000ff7d100000) (1024K)]
  0x000002971ceaf8f0 JavaThread "Unconstrained build operations Thread 19"        [_thread_blocked, id=18536, stack(0x000000ff7d100000,0x000000ff7d200000) (1024K)]
  0x000002971ceaebd0 JavaThread "Unconstrained build operations Thread 20"        [_thread_blocked, id=19900, stack(0x000000ff7d200000,0x000000ff7d300000) (1024K)]
  0x000002971ceaf260 JavaThread "Unconstrained build operations Thread 21"        [_thread_blocked, id=9652, stack(0x000000ff7d300000,0x000000ff7d400000) (1024K)]
  0x000002971cd0d130 JavaThread "Memory manager"                    [_thread_blocked, id=5420, stack(0x000000ff7d400000,0x000000ff7d500000) (1024K)]
  0x000002971d0ca290 JavaThread "included builds"                   [_thread_blocked, id=21440, stack(0x000000ff7d600000,0x000000ff7d700000) (1024K)]
  0x000002971d0c6e10 JavaThread "Execution worker"                  [_thread_blocked, id=9180, stack(0x000000ff7d700000,0x000000ff7d800000) (1024K)]
  0x000002971d0c9c00 JavaThread "Execution worker Thread 2"         [_thread_blocked, id=23796, stack(0x000000ff7d800000,0x000000ff7d900000) (1024K)]
  0x000002971d0c4d40 JavaThread "Execution worker Thread 3"         [_thread_blocked, id=16604, stack(0x000000ff7d900000,0x000000ff7da00000) (1024K)]
  0x000002971d0ca920 JavaThread "Execution worker Thread 4"         [_thread_blocked, id=20796, stack(0x000000ff7da00000,0x000000ff7db00000) (1024K)]
  0x000002971d0c53d0 JavaThread "Execution worker Thread 5"         [_thread_blocked, id=20152, stack(0x000000ff7db00000,0x000000ff7dc00000) (1024K)]
  0x000002971d0c60f0 JavaThread "Execution worker Thread 6"         [_thread_blocked, id=24712, stack(0x000000ff7dc00000,0x000000ff7dd00000) (1024K)]
  0x000002971d0c4020 JavaThread "Execution worker Thread 7"         [_thread_blocked, id=23584, stack(0x000000ff7dd00000,0x000000ff7de00000) (1024K)]
  0x000002971d0c8ee0 JavaThread "Cache worker for execution history cache (E:\A_S_P\ListView\.gradle\8.11.1\executionHistory)"        [_thread_blocked, id=16700, stack(0x000000ff7de00000,0x000000ff7df00000) (1024K)]
  0x000002971d7c0550 JavaThread "Unconstrained build operations Thread 22"        [_thread_blocked, id=23408, stack(0x000000ff7df00000,0x000000ff7e000000) (1024K)]
  0x000002971d7beb10 JavaThread "Unconstrained build operations Thread 23"        [_thread_blocked, id=18028, stack(0x000000ff7e000000,0x000000ff7e100000) (1024K)]
  0x000002971d7bf1a0 JavaThread "Unconstrained build operations Thread 24"        [_thread_blocked, id=13632, stack(0x000000ff7e100000,0x000000ff7e200000) (1024K)]
  0x000002971d7bfec0 JavaThread "Unconstrained build operations Thread 25"        [_thread_blocked, id=2644, stack(0x000000ff7e200000,0x000000ff7e300000) (1024K)]
  0x000002971d7c0be0 JavaThread "Unconstrained build operations Thread 26"        [_thread_blocked, id=22812, stack(0x000000ff7e300000,0x000000ff7e400000) (1024K)]
  0x000002971d7c1270 JavaThread "Unconstrained build operations Thread 27"        [_thread_blocked, id=23712, stack(0x000000ff7e400000,0x000000ff7e500000) (1024K)]
  0x000002971b436cb0 JavaThread "Unconstrained build operations Thread 28"        [_thread_blocked, id=17168, stack(0x000000ff7e500000,0x000000ff7e600000) (1024K)]
  0x000002971b432480 JavaThread "Unconstrained build operations Thread 29"        [_thread_blocked, id=15996, stack(0x000000ff7e600000,0x000000ff7e700000) (1024K)]
  0x000002971b435270 JavaThread "Unconstrained build operations Thread 30"        [_thread_blocked, id=25408, stack(0x000000ff7e700000,0x000000ff7e800000) (1024K)]
  0x000002971b437340 JavaThread "Unconstrained build operations Thread 31"        [_thread_blocked, id=22484, stack(0x000000ff7e800000,0x000000ff7e900000) (1024K)]
  0x000002971b434550 JavaThread "Unconstrained build operations Thread 32"        [_thread_blocked, id=21972, stack(0x000000ff7e900000,0x000000ff7ea00000) (1024K)]
  0x000002971b430a40 JavaThread "Unconstrained build operations Thread 33"        [_thread_blocked, id=18716, stack(0x000000ff7ea00000,0x000000ff7eb00000) (1024K)]
  0x000002971b4379d0 JavaThread "Unconstrained build operations Thread 34"        [_thread_blocked, id=4140, stack(0x000000ff7eb00000,0x000000ff7ec00000) (1024K)]
  0x000002971b432b10 JavaThread "Unconstrained build operations Thread 35"        [_thread_blocked, id=18532, stack(0x000000ff7ec00000,0x000000ff7ed00000) (1024K)]
  0x000002971d7bf830 JavaThread "WorkerExecutor Queue"              [_thread_blocked, id=916, stack(0x000000ff7ed00000,0x000000ff7ee00000) (1024K)]
  0x000002971d7bddf0 JavaThread "Unconstrained build operations Thread 36"        [_thread_blocked, id=24792, stack(0x000000ff7ee00000,0x000000ff7ef00000) (1024K)]
  0x000002971b431df0 JavaThread "Unconstrained build operations Thread 37"        [_thread_blocked, id=2824, stack(0x000000ff7ef00000,0x000000ff7f000000) (1024K)]
  0x000002971b433ec0 JavaThread "Unconstrained build operations Thread 38"        [_thread_blocked, id=20276, stack(0x000000ff7f000000,0x000000ff7f100000) (1024K)]
  0x000002971b438060 JavaThread "WorkerExecutor Queue Thread 2"        [_thread_blocked, id=23820, stack(0x000000ff7f100000,0x000000ff7f200000) (1024K)]
  0x000002971b431760 JavaThread "Unconstrained build operations Thread 39"        [_thread_blocked, id=9548, stack(0x000000ff7f200000,0x000000ff7f300000) (1024K)]
  0x000002971b4310d0 JavaThread "Unconstrained build operations Thread 40"        [_thread_blocked, id=16584, stack(0x000000ff7f300000,0x000000ff7f400000) (1024K)]
  0x000002971b436620 JavaThread "Unconstrained build operations Thread 41"        [_thread_blocked, id=21108, stack(0x000000ff7f400000,0x000000ff7f500000) (1024K)]
  0x000002971b434be0 JavaThread "Unconstrained build operations Thread 42"        [_thread_blocked, id=18868, stack(0x000000ff7f500000,0x000000ff7f600000) (1024K)]
  0x000002971b435900 JavaThread "Unconstrained build operations Thread 43"        [_thread_blocked, id=5824, stack(0x000000ff7f600000,0x000000ff7f700000) (1024K)]
  0x000002971b435f90 JavaThread "Unconstrained build operations Thread 44"        [_thread_blocked, id=24560, stack(0x000000ff7f700000,0x000000ff7f800000) (1024K)]
  0x000002971b4331a0 JavaThread "Unconstrained build operations Thread 45"        [_thread_blocked, id=20840, stack(0x000000ff7f800000,0x000000ff7f900000) (1024K)]
  0x000002971d0c46b0 JavaThread "Unconstrained build operations Thread 46"        [_thread_blocked, id=20280, stack(0x000000ff7f900000,0x000000ff7fa00000) (1024K)]
  0x000002971d0c6780 JavaThread "Unconstrained build operations Thread 47"        [_thread_blocked, id=7424, stack(0x000000ff7fa00000,0x000000ff7fb00000) (1024K)]
  0x000002971d0c74a0 JavaThread "Unconstrained build operations Thread 48"        [_thread_blocked, id=21316, stack(0x000000ff7fb00000,0x000000ff7fc00000) (1024K)]
  0x000002971d0c81c0 JavaThread "Unconstrained build operations Thread 49"        [_thread_blocked, id=15808, stack(0x000000ff7fc00000,0x000000ff7fd00000) (1024K)]
  0x000002971cd0a9d0 JavaThread "Unconstrained build operations Thread 50"        [_thread_blocked, id=4348, stack(0x000000ff7fd00000,0x000000ff7fe00000) (1024K)]
  0x000002971cd0b060 JavaThread "Unconstrained build operations Thread 51"        [_thread_blocked, id=24240, stack(0x000000ff7fe00000,0x000000ff7ff00000) (1024K)]
  0x000002971cd0bd80 JavaThread "Unconstrained build operations Thread 52"        [_thread_blocked, id=19532, stack(0x000000ff7ff00000,0x000000ff80000000) (1024K)]
  0x000002971b6a96f0 JavaThread "Unconstrained build operations Thread 53"        [_thread_blocked, id=18620, stack(0x000000ff00000000,0x000000ff00100000) (1024K)]
  0x00000297244cf880 JavaThread "Unconstrained build operations Thread 54"        [_thread_blocked, id=25168, stack(0x000000ff00100000,0x000000ff00200000) (1024K)]
  0x00000297244cf1f0 JavaThread "Unconstrained build operations Thread 55"        [_thread_blocked, id=23636, stack(0x000000ff00200000,0x000000ff00300000) (1024K)]
  0x00000297244d1950 JavaThread "Unconstrained build operations Thread 56"        [_thread_blocked, id=4156, stack(0x000000ff00300000,0x000000ff00400000) (1024K)]
  0x00000297244cff10 JavaThread "Unconstrained build operations Thread 57"        [_thread_blocked, id=14332, stack(0x000000ff00400000,0x000000ff00500000) (1024K)]
  0x00000297244ceb60 JavaThread "Unconstrained build operations Thread 58"        [_thread_blocked, id=20092, stack(0x000000ff00500000,0x000000ff00600000) (1024K)]
  0x00000297244d2670 JavaThread "Unconstrained build operations Thread 59"        [_thread_blocked, id=15732, stack(0x000000ff00600000,0x000000ff00700000) (1024K)]
  0x00000297244ce4d0 JavaThread "Unconstrained build operations Thread 60"        [_thread_blocked, id=12580, stack(0x000000ff00700000,0x000000ff00800000) (1024K)]
  0x00000297244d05a0 JavaThread "Unconstrained build operations Thread 61"        [_thread_blocked, id=18820, stack(0x000000ff00800000,0x000000ff00900000) (1024K)]
  0x00000297244d1fe0 JavaThread "Unconstrained build operations Thread 62"        [_thread_blocked, id=23764, stack(0x000000ff00900000,0x000000ff00a00000) (1024K)]
  0x00000297244d3a20 JavaThread "Unconstrained build operations Thread 63"        [_thread_blocked, id=17632, stack(0x000000ff00a00000,0x000000ff00b00000) (1024K)]
  0x00000297244d2d00 JavaThread "Unconstrained build operations Thread 64"        [_thread_blocked, id=5604, stack(0x000000ff00b00000,0x000000ff00c00000) (1024K)]
  0x00000297244d3390 JavaThread "Unconstrained build operations Thread 65"        [_thread_blocked, id=15748, stack(0x000000ff00c00000,0x000000ff00d00000) (1024K)]
  0x00000297244d0c30 JavaThread "Unconstrained build operations Thread 66"        [_thread_blocked, id=15576, stack(0x000000ff00d00000,0x000000ff00e00000) (1024K)]
  0x00000297244d40b0 JavaThread "Unconstrained build operations Thread 67"        [_thread_blocked, id=24212, stack(0x000000ff00e00000,0x000000ff00f00000) (1024K)]
  0x00000297244cde40 JavaThread "Unconstrained build operations Thread 68"        [_thread_blocked, id=24036, stack(0x000000ff00f00000,0x000000ff01000000) (1024K)]
  0x00000297244d12c0 JavaThread "Unconstrained build operations Thread 69"        [_thread_blocked, id=23544, stack(0x000000ff01000000,0x000000ff01100000) (1024K)]
  0x00000297244d4740 JavaThread "Unconstrained build operations Thread 70"        [_thread_blocked, id=15132, stack(0x000000ff01100000,0x000000ff01200000) (1024K)]
  0x00000297244cd7b0 JavaThread "Unconstrained build operations Thread 71"        [_thread_blocked, id=23348, stack(0x000000ff01200000,0x000000ff01300000) (1024K)]
  0x00000297244d4dd0 JavaThread "Unconstrained build operations Thread 72"        [_thread_blocked, id=19280, stack(0x000000ff01300000,0x000000ff01400000) (1024K)]
  0x000002971e5efb20 JavaThread "Unconstrained build operations Thread 73"        [_thread_blocked, id=19444, stack(0x000000ff01400000,0x000000ff01500000) (1024K)]
  0x000002971e5f2fa0 JavaThread "Unconstrained build operations Thread 74"        [_thread_blocked, id=24556, stack(0x000000ff01500000,0x000000ff01600000) (1024K)]
  0x000002971e5f4350 JavaThread "WorkerExecutor Queue Thread 3"        [_thread_blocked, id=21012, stack(0x000000ff01600000,0x000000ff01700000) (1024K)]
  0x000002971e5eda50 JavaThread "Unconstrained build operations Thread 75"        [_thread_blocked, id=16312, stack(0x000000ff01700000,0x000000ff01800000) (1024K)]
  0x000002971c6434e0 JavaThread "Unconstrained build operations Thread 76"        [_thread_blocked, id=25308, stack(0x000000ff01800000,0x000000ff01900000) (1024K)]
  0x000002971c642e50 JavaThread "Unconstrained build operations Thread 77"        [_thread_blocked, id=17472, stack(0x000000ff01900000,0x000000ff01a00000) (1024K)]
  0x000002971c6462d0 JavaThread "Unconstrained build operations Thread 78"        [_thread_blocked, id=12676, stack(0x000000ff01a00000,0x000000ff01b00000) (1024K)]
  0x000002971c6406f0 JavaThread "Unconstrained build operations Thread 79"        [_thread_blocked, id=25332, stack(0x000000ff01b00000,0x000000ff01c00000) (1024K)]
  0x000002971c640060 JavaThread "Unconstrained build operations Thread 80"        [_thread_blocked, id=23100, stack(0x000000ff01c00000,0x000000ff01d00000) (1024K)]
  0x000002971c645c40 JavaThread "pool-3-thread-1"                   [_thread_blocked, id=15684, stack(0x000000ff01d00000,0x000000ff01e00000) (1024K)]
  0x000002971c643b70 JavaThread "stderr"                            [_thread_in_native, id=8268, stack(0x000000ff01e00000,0x000000ff01f00000) (1024K)]
  0x000002971c641aa0 JavaThread "stdout"                            [_thread_in_native, id=25528, stack(0x000000ff01f00000,0x000000ff02000000) (1024K)]
  0x000002971b9b06f0 JavaThread "C2 CompilerThread1"         daemon [_thread_blocked, id=21712, stack(0x000000ff02000000,0x000000ff02100000) (1024K)]
=>0x000002971d267030 JavaThread "C2 CompilerThread2"         daemon [_thread_in_native, id=24548, stack(0x000000ff02100000,0x000000ff02200000) (1024K)]
Total: 129

Other Threads:
  0x0000029713a7e390 VMThread "VM Thread"                           [id=2068, stack(0x000000ff79600000,0x000000ff79700000) (1024K)]
  0x00000297139f48d0 WatcherThread "VM Periodic Task Thread"        [id=18808, stack(0x000000ff79500000,0x000000ff79600000) (1024K)]
  0x000002977a2fdfc0 WorkerThread "GC Thread#0"                     [id=24800, stack(0x000000ff79000000,0x000000ff79100000) (1024K)]
  0x00000297182cc9e0 WorkerThread "GC Thread#1"                     [id=24508, stack(0x000000ff7a200000,0x000000ff7a300000) (1024K)]
  0x000002971851b520 WorkerThread "GC Thread#2"                     [id=13508, stack(0x000000ff7a300000,0x000000ff7a400000) (1024K)]
  0x0000029718e8bab0 WorkerThread "GC Thread#3"                     [id=21400, stack(0x000000ff7a400000,0x000000ff7a500000) (1024K)]
  0x0000029718e8be50 WorkerThread "GC Thread#4"                     [id=14944, stack(0x000000ff7a500000,0x000000ff7a600000) (1024K)]
  0x000002971994dd00 WorkerThread "GC Thread#5"                     [id=18332, stack(0x000000ff7a100000,0x000000ff7a200000) (1024K)]
  0x0000029719bf0510 WorkerThread "GC Thread#6"                     [id=9512, stack(0x000000ff7b100000,0x000000ff7b200000) (1024K)]
  0x0000029719b5b840 WorkerThread "GC Thread#7"                     [id=3800, stack(0x000000ff7b200000,0x000000ff7b300000) (1024K)]
  0x000002977a3a6830 ConcurrentGCThread "G1 Main Marker"            [id=25392, stack(0x000000ff79100000,0x000000ff79200000) (1024K)]
  0x000002977a3a74a0 WorkerThread "G1 Conc#0"                       [id=15648, stack(0x000000ff79200000,0x000000ff79300000) (1024K)]
  0x0000029719ce13e0 WorkerThread "G1 Conc#1"                       [id=16168, stack(0x000000ff7b300000,0x000000ff7b400000) (1024K)]
  0x00000297138c6190 ConcurrentGCThread "G1 Refine#0"               [id=21980, stack(0x000000ff79300000,0x000000ff79400000) (1024K)]
  0x00000297138c69b0 ConcurrentGCThread "G1 Service"                [id=8968, stack(0x000000ff79400000,0x000000ff79500000) (1024K)]
Total: 15

Threads with active compile tasks:
C2 CompilerThread0  40509 13941       4       java.lang.AbstractStringBuilder::appendChars (207 bytes)
C2 CompilerThread2  40509 13952       4       java.io.DataOutputStream::writeUTF (389 bytes)
Total: 2

VM state: not at safepoint (normal execution)

VM Mutex/Monitor currently owned by a thread:  ([mutex/lock_event])
[0x00007ffcd0e2b160] Metaspace_lock - owner thread: 0x0000029719b484d0

Heap address: 0x0000000080000000, size: 2048 MB, Compressed Oops mode: 32-bit

CDS archive(s) not mapped
Compressed class space mapped at: 0x0000000100000000-0x0000000140000000, reserved size: 1073741824
Narrow klass base: 0x0000000000000000, Narrow klass shift: 3, Narrow klass range: 0x140000000

GC Precious Log:
 CardTable entry size: 512
 Card Set container configuration: InlinePtr #cards 5 size 8 Array Of Cards #cards 12 size 40 Howl #buckets 4 coarsen threshold 1843 Howl Bitmap #cards 512 size 80 coarsen threshold 460 Card regions per heap region 1 cards per card region 2048
 CPUs: 8 total, 8 available
 Memory: 7934M
 Large Page Support: Disabled
 NUMA Support: Disabled
 Compressed Oops: Enabled (32-bit)
 Heap Region Size: 1M
 Heap Min Capacity: 8M
 Heap Initial Capacity: 124M
 Heap Max Capacity: 2G
 Pre-touch: Disabled
 Parallel Workers: 8
 Concurrent Workers: 2
 Concurrent Refinement Workers: 8
 Periodic GC: Disabled

Heap:
 garbage-first heap   total 188416K, used 130817K [0x0000000080000000, 0x0000000100000000)
  region size 1024K, 27 young (27648K), 7 survivors (7168K)
 Metaspace       used 110459K, committed 112640K, reserved 1179648K
  class space    used 15002K, committed 16128K, reserved 1048576K

Heap Regions: E=young(eden), S=young(survivor), O=old, HS=humongous(starts), HC=humongous(continues), CS=collection set, F=free, TAMS=top-at-mark-start, PB=parsable bottom
|   0|0x0000000080000000, 0x0000000080100000, 0x0000000080100000|100%| O|  |TAMS 0x0000000080000000| PB 0x0000000080000000| Untracked 
|   1|0x0000000080100000, 0x0000000080200000, 0x0000000080200000|100%|HS|  |TAMS 0x0000000080100000| PB 0x0000000080100000| Complete 
|   2|0x0000000080200000, 0x0000000080300000, 0x0000000080300000|100%|HC|  |TAMS 0x0000000080200000| PB 0x0000000080200000| Complete 
|   3|0x0000000080300000, 0x0000000080400000, 0x0000000080400000|100%|HC|  |TAMS 0x0000000080300000| PB 0x0000000080300000| Complete 
|   4|0x0000000080400000, 0x0000000080500000, 0x0000000080500000|100%| O|  |TAMS 0x0000000080400000| PB 0x0000000080400000| Untracked 
|   5|0x0000000080500000, 0x0000000080600000, 0x0000000080600000|100%| O|  |TAMS 0x0000000080500000| PB 0x0000000080500000| Untracked 
|   6|0x0000000080600000, 0x0000000080700000, 0x0000000080700000|100%| O|  |TAMS 0x0000000080600000| PB 0x0000000080600000| Untracked 
|   7|0x0000000080700000, 0x0000000080800000, 0x0000000080800000|100%|HS|  |TAMS 0x0000000080700000| PB 0x0000000080700000| Complete 
|   8|0x0000000080800000, 0x0000000080900000, 0x0000000080900000|100%| O|  |TAMS 0x0000000080800000| PB 0x0000000080800000| Untracked 
|   9|0x0000000080900000, 0x0000000080a00000, 0x0000000080a00000|100%| O|  |TAMS 0x0000000080900000| PB 0x0000000080900000| Untracked 
|  10|0x0000000080a00000, 0x0000000080b00000, 0x0000000080b00000|100%| O|  |TAMS 0x0000000080a00000| PB 0x0000000080a00000| Untracked 
|  11|0x0000000080b00000, 0x0000000080c00000, 0x0000000080c00000|100%| O|  |TAMS 0x0000000080b00000| PB 0x0000000080b00000| Untracked 
|  12|0x0000000080c00000, 0x0000000080d00000, 0x0000000080d00000|100%| O|  |TAMS 0x0000000080c00000| PB 0x0000000080c00000| Untracked 
|  13|0x0000000080d00000, 0x0000000080e00000, 0x0000000080e00000|100%| O|  |TAMS 0x0000000080d00000| PB 0x0000000080d00000| Untracked 
|  14|0x0000000080e00000, 0x0000000080f00000, 0x0000000080f00000|100%| O|  |TAMS 0x0000000080e00000| PB 0x0000000080e00000| Untracked 
|  15|0x0000000080f00000, 0x0000000081000000, 0x0000000081000000|100%| O|  |TAMS 0x0000000080f00000| PB 0x0000000080f00000| Untracked 
|  16|0x0000000081000000, 0x0000000081100000, 0x0000000081100000|100%| O|  |TAMS 0x0000000081000000| PB 0x0000000081000000| Untracked 
|  17|0x0000000081100000, 0x0000000081200000, 0x0000000081200000|100%| O|  |TAMS 0x0000000081100000| PB 0x0000000081100000| Untracked 
|  18|0x0000000081200000, 0x0000000081300000, 0x0000000081300000|100%| O|  |TAMS 0x0000000081200000| PB 0x0000000081200000| Untracked 
|  19|0x0000000081300000, 0x0000000081400000, 0x0000000081400000|100%| O|  |TAMS 0x0000000081300000| PB 0x0000000081300000| Untracked 
|  20|0x0000000081400000, 0x0000000081500000, 0x0000000081500000|100%| O|  |TAMS 0x0000000081400000| PB 0x0000000081400000| Untracked 
|  21|0x0000000081500000, 0x0000000081600000, 0x0000000081600000|100%| O|  |TAMS 0x0000000081500000| PB 0x0000000081500000| Untracked 
|  22|0x0000000081600000, 0x0000000081700000, 0x0000000081700000|100%| O|  |TAMS 0x0000000081600000| PB 0x0000000081600000| Untracked 
|  23|0x0000000081700000, 0x0000000081800000, 0x0000000081800000|100%| O|  |TAMS 0x0000000081700000| PB 0x0000000081700000| Untracked 
|  24|0x0000000081800000, 0x0000000081900000, 0x0000000081900000|100%| O|  |TAMS 0x0000000081800000| PB 0x0000000081800000| Untracked 
|  25|0x0000000081900000, 0x0000000081a00000, 0x0000000081a00000|100%| O|  |TAMS 0x0000000081900000| PB 0x0000000081900000| Untracked 
|  26|0x0000000081a00000, 0x0000000081b00000, 0x0000000081b00000|100%| O|  |TAMS 0x0000000081a00000| PB 0x0000000081a00000| Untracked 
|  27|0x0000000081b00000, 0x0000000081c00000, 0x0000000081c00000|100%| O|  |TAMS 0x0000000081b00000| PB 0x0000000081b00000| Untracked 
|  28|0x0000000081c00000, 0x0000000081d00000, 0x0000000081d00000|100%| O|  |TAMS 0x0000000081c00000| PB 0x0000000081c00000| Untracked 
|  29|0x0000000081d00000, 0x0000000081e00000, 0x0000000081e00000|100%| O|  |TAMS 0x0000000081d00000| PB 0x0000000081d00000| Untracked 
|  30|0x0000000081e00000, 0x0000000081f00000, 0x0000000081f00000|100%| O|  |TAMS 0x0000000081e00000| PB 0x0000000081e00000| Untracked 
|  31|0x0000000081f00000, 0x0000000082000000, 0x0000000082000000|100%| O|  |TAMS 0x0000000081f00000| PB 0x0000000081f00000| Untracked 
|  32|0x0000000082000000, 0x0000000082100000, 0x0000000082100000|100%| O|  |TAMS 0x0000000082000000| PB 0x0000000082000000| Untracked 
|  33|0x0000000082100000, 0x0000000082200000, 0x0000000082200000|100%|HS|  |TAMS 0x0000000082100000| PB 0x0000000082100000| Complete 
|  34|0x0000000082200000, 0x0000000082300000, 0x0000000082300000|100%|HS|  |TAMS 0x0000000082200000| PB 0x0000000082200000| Complete 
|  35|0x0000000082300000, 0x0000000082400000, 0x0000000082400000|100%|HS|  |TAMS 0x0000000082300000| PB 0x0000000082300000| Complete 
|  36|0x0000000082400000, 0x0000000082500000, 0x0000000082500000|100%|HS|  |TAMS 0x0000000082400000| PB 0x0000000082400000| Complete 
|  37|0x0000000082500000, 0x0000000082600000, 0x0000000082600000|100%| O|  |TAMS 0x0000000082500000| PB 0x0000000082500000| Untracked 
|  38|0x0000000082600000, 0x0000000082700000, 0x0000000082700000|100%|HS|  |TAMS 0x0000000082600000| PB 0x0000000082600000| Complete 
|  39|0x0000000082700000, 0x0000000082800000, 0x0000000082800000|100%| O|  |TAMS 0x0000000082700000| PB 0x0000000082700000| Untracked 
|  40|0x0000000082800000, 0x0000000082900000, 0x0000000082900000|100%| O|  |TAMS 0x0000000082800000| PB 0x0000000082800000| Untracked 
|  41|0x0000000082900000, 0x0000000082a00000, 0x0000000082a00000|100%| O|  |TAMS 0x0000000082900000| PB 0x0000000082900000| Untracked 
|  42|0x0000000082a00000, 0x0000000082b00000, 0x0000000082b00000|100%| O|  |TAMS 0x0000000082a00000| PB 0x0000000082a00000| Untracked 
|  43|0x0000000082b00000, 0x0000000082c00000, 0x0000000082c00000|100%| O|  |TAMS 0x0000000082b00000| PB 0x0000000082b00000| Untracked 
|  44|0x0000000082c00000, 0x0000000082d00000, 0x0000000082d00000|100%|HS|  |TAMS 0x0000000082c00000| PB 0x0000000082c00000| Complete 
|  45|0x0000000082d00000, 0x0000000082e00000, 0x0000000082e00000|100%| O|  |TAMS 0x0000000082d00000| PB 0x0000000082d00000| Untracked 
|  46|0x0000000082e00000, 0x0000000082f00000, 0x0000000082f00000|100%| O|  |TAMS 0x0000000082e00000| PB 0x0000000082e00000| Untracked 
|  47|0x0000000082f00000, 0x0000000083000000, 0x0000000083000000|100%| O|  |TAMS 0x0000000082f00000| PB 0x0000000082f00000| Untracked 
|  48|0x0000000083000000, 0x0000000083100000, 0x0000000083100000|100%|HS|  |TAMS 0x0000000083000000| PB 0x0000000083000000| Complete 
|  49|0x0000000083100000, 0x0000000083200000, 0x0000000083200000|100%| O|  |TAMS 0x0000000083100000| PB 0x0000000083100000| Untracked 
|  50|0x0000000083200000, 0x0000000083300000, 0x0000000083300000|100%| O|  |TAMS 0x0000000083200000| PB 0x0000000083200000| Untracked 
|  51|0x0000000083300000, 0x0000000083400000, 0x0000000083400000|100%| O|  |TAMS 0x0000000083300000| PB 0x0000000083300000| Untracked 
|  52|0x0000000083400000, 0x0000000083500000, 0x0000000083500000|100%| O|  |TAMS 0x0000000083400000| PB 0x0000000083400000| Untracked 
|  53|0x0000000083500000, 0x0000000083600000, 0x0000000083600000|100%| O|  |TAMS 0x0000000083500000| PB 0x0000000083500000| Untracked 
|  54|0x0000000083600000, 0x0000000083700000, 0x0000000083700000|100%| O|  |TAMS 0x0000000083600000| PB 0x0000000083600000| Untracked 
|  55|0x0000000083700000, 0x0000000083800000, 0x0000000083800000|100%| O|  |TAMS 0x0000000083700000| PB 0x0000000083700000| Untracked 
|  56|0x0000000083800000, 0x0000000083900000, 0x0000000083900000|100%| O|  |TAMS 0x0000000083800000| PB 0x0000000083800000| Untracked 
|  57|0x0000000083900000, 0x0000000083a00000, 0x0000000083a00000|100%| O|  |TAMS 0x0000000083900000| PB 0x0000000083900000| Untracked 
|  58|0x0000000083a00000, 0x0000000083b00000, 0x0000000083b00000|100%| O|  |TAMS 0x0000000083a00000| PB 0x0000000083a00000| Untracked 
|  59|0x0000000083b00000, 0x0000000083c00000, 0x0000000083c00000|100%| O|  |TAMS 0x0000000083b00000| PB 0x0000000083b00000| Untracked 
|  60|0x0000000083c00000, 0x0000000083d00000, 0x0000000083d00000|100%| O|  |TAMS 0x0000000083c00000| PB 0x0000000083c00000| Untracked 
|  61|0x0000000083d00000, 0x0000000083e00000, 0x0000000083e00000|100%| O|  |TAMS 0x0000000083d00000| PB 0x0000000083d00000| Untracked 
|  62|0x0000000083e00000, 0x0000000083f00000, 0x0000000083f00000|100%| O|  |TAMS 0x0000000083e00000| PB 0x0000000083e00000| Untracked 
|  63|0x0000000083f00000, 0x0000000084000000, 0x0000000084000000|100%| O|  |TAMS 0x0000000083f00000| PB 0x0000000083f00000| Untracked 
|  64|0x0000000084000000, 0x0000000084100000, 0x0000000084100000|100%| O|  |TAMS 0x0000000084000000| PB 0x0000000084000000| Untracked 
|  65|0x0000000084100000, 0x0000000084200000, 0x0000000084200000|100%| O|  |TAMS 0x0000000084100000| PB 0x0000000084100000| Untracked 
|  66|0x0000000084200000, 0x0000000084300000, 0x0000000084300000|100%| O|  |TAMS 0x0000000084200000| PB 0x0000000084200000| Untracked 
|  67|0x0000000084300000, 0x0000000084400000, 0x0000000084400000|100%| O|  |TAMS 0x0000000084300000| PB 0x0000000084300000| Untracked 
|  68|0x0000000084400000, 0x0000000084500000, 0x0000000084500000|100%| O|  |TAMS 0x0000000084400000| PB 0x0000000084400000| Untracked 
|  69|0x0000000084500000, 0x0000000084600000, 0x0000000084600000|100%| O|  |TAMS 0x0000000084500000| PB 0x0000000084500000| Untracked 
|  70|0x0000000084600000, 0x0000000084700000, 0x0000000084700000|100%| O|  |TAMS 0x0000000084600000| PB 0x0000000084600000| Untracked 
|  71|0x0000000084700000, 0x0000000084800000, 0x0000000084800000|100%| O|  |TAMS 0x0000000084700000| PB 0x0000000084700000| Untracked 
|  72|0x0000000084800000, 0x0000000084800000, 0x0000000084900000|  0%| F|  |TAMS 0x0000000084800000| PB 0x0000000084800000| Untracked 
|  73|0x0000000084900000, 0x0000000084a00000, 0x0000000084a00000|100%| O|  |TAMS 0x0000000084900000| PB 0x0000000084900000| Untracked 
|  74|0x0000000084a00000, 0x0000000084b00000, 0x0000000084b00000|100%| O|  |TAMS 0x0000000084a00000| PB 0x0000000084a00000| Untracked 
|  75|0x0000000084b00000, 0x0000000084c00000, 0x0000000084c00000|100%| O|  |TAMS 0x0000000084b00000| PB 0x0000000084b00000| Untracked 
|  76|0x0000000084c00000, 0x0000000084d00000, 0x0000000084d00000|100%| O|  |TAMS 0x0000000084c00000| PB 0x0000000084c00000| Untracked 
|  77|0x0000000084d00000, 0x0000000084e00000, 0x0000000084e00000|100%| O|  |TAMS 0x0000000084d00000| PB 0x0000000084d00000| Untracked 
|  78|0x0000000084e00000, 0x0000000084f00000, 0x0000000084f00000|100%| O|  |TAMS 0x0000000084e00000| PB 0x0000000084e00000| Untracked 
|  79|0x0000000084f00000, 0x0000000085000000, 0x0000000085000000|100%| O|  |TAMS 0x0000000084f00000| PB 0x0000000084f00000| Untracked 
|  80|0x0000000085000000, 0x0000000085100000, 0x0000000085100000|100%| O|  |TAMS 0x0000000085000000| PB 0x0000000085000000| Untracked 
|  81|0x0000000085100000, 0x0000000085200000, 0x0000000085200000|100%| O|  |TAMS 0x0000000085100000| PB 0x0000000085100000| Untracked 
|  82|0x0000000085200000, 0x0000000085200000, 0x0000000085300000|  0%| F|  |TAMS 0x0000000085200000| PB 0x0000000085200000| Untracked 
|  83|0x0000000085300000, 0x0000000085300000, 0x0000000085400000|  0%| F|  |TAMS 0x0000000085300000| PB 0x0000000085300000| Untracked 
|  84|0x0000000085400000, 0x0000000085400000, 0x0000000085500000|  0%| F|  |TAMS 0x0000000085400000| PB 0x0000000085400000| Untracked 
|  85|0x0000000085500000, 0x0000000085500000, 0x0000000085600000|  0%| F|  |TAMS 0x0000000085500000| PB 0x0000000085500000| Untracked 
|  86|0x0000000085600000, 0x0000000085600000, 0x0000000085700000|  0%| F|  |TAMS 0x0000000085600000| PB 0x0000000085600000| Untracked 
|  87|0x0000000085700000, 0x0000000085800000, 0x0000000085800000|100%| O|  |TAMS 0x0000000085700000| PB 0x0000000085700000| Untracked 
|  88|0x0000000085800000, 0x0000000085900000, 0x0000000085900000|100%| O|  |TAMS 0x0000000085800000| PB 0x0000000085800000| Untracked 
|  89|0x0000000085900000, 0x0000000085a00000, 0x0000000085a00000|100%| O|  |TAMS 0x0000000085900000| PB 0x0000000085900000| Untracked 
|  90|0x0000000085a00000, 0x0000000085b00000, 0x0000000085b00000|100%| O|  |TAMS 0x0000000085a00000| PB 0x0000000085a00000| Untracked 
|  91|0x0000000085b00000, 0x0000000085c00000, 0x0000000085c00000|100%| O|  |TAMS 0x0000000085b00000| PB 0x0000000085b00000| Untracked 
|  92|0x0000000085c00000, 0x0000000085d00000, 0x0000000085d00000|100%| O|  |TAMS 0x0000000085c00000| PB 0x0000000085c00000| Untracked 
|  93|0x0000000085d00000, 0x0000000085e00000, 0x0000000085e00000|100%| O|  |TAMS 0x0000000085d00000| PB 0x0000000085d00000| Untracked 
|  94|0x0000000085e00000, 0x0000000085f00000, 0x0000000085f00000|100%| O|  |TAMS 0x0000000085e00000| PB 0x0000000085e00000| Untracked 
|  95|0x0000000085f00000, 0x0000000086000000, 0x0000000086000000|100%| O|  |TAMS 0x0000000085f00000| PB 0x0000000085f00000| Untracked 
|  96|0x0000000086000000, 0x00000000860c06f8, 0x0000000086100000| 75%| O|  |TAMS 0x0000000086000000| PB 0x0000000086000000| Untracked 
|  97|0x0000000086100000, 0x0000000086100000, 0x0000000086200000|  0%| F|  |TAMS 0x0000000086100000| PB 0x0000000086100000| Untracked 
|  98|0x0000000086200000, 0x0000000086200000, 0x0000000086300000|  0%| F|  |TAMS 0x0000000086200000| PB 0x0000000086200000| Untracked 
|  99|0x0000000086300000, 0x0000000086300000, 0x0000000086400000|  0%| F|  |TAMS 0x0000000086300000| PB 0x0000000086300000| Untracked 
| 100|0x0000000086400000, 0x0000000086400000, 0x0000000086500000|  0%| F|  |TAMS 0x0000000086400000| PB 0x0000000086400000| Untracked 
| 101|0x0000000086500000, 0x0000000086500000, 0x0000000086600000|  0%| F|  |TAMS 0x0000000086500000| PB 0x0000000086500000| Untracked 
| 102|0x0000000086600000, 0x0000000086600000, 0x0000000086700000|  0%| F|  |TAMS 0x0000000086600000| PB 0x0000000086600000| Untracked 
| 103|0x0000000086700000, 0x0000000086700000, 0x0000000086800000|  0%| F|  |TAMS 0x0000000086700000| PB 0x0000000086700000| Untracked 
| 104|0x0000000086800000, 0x0000000086800000, 0x0000000086900000|  0%| F|  |TAMS 0x0000000086800000| PB 0x0000000086800000| Untracked 
| 105|0x0000000086900000, 0x0000000086900000, 0x0000000086a00000|  0%| F|  |TAMS 0x0000000086900000| PB 0x0000000086900000| Untracked 
| 106|0x0000000086a00000, 0x0000000086a00000, 0x0000000086b00000|  0%| F|  |TAMS 0x0000000086a00000| PB 0x0000000086a00000| Untracked 
| 107|0x0000000086b00000, 0x0000000086b00000, 0x0000000086c00000|  0%| F|  |TAMS 0x0000000086b00000| PB 0x0000000086b00000| Untracked 
| 108|0x0000000086c00000, 0x0000000086c00000, 0x0000000086d00000|  0%| F|  |TAMS 0x0000000086c00000| PB 0x0000000086c00000| Untracked 
| 109|0x0000000086d00000, 0x0000000086d00000, 0x0000000086e00000|  0%| F|  |TAMS 0x0000000086d00000| PB 0x0000000086d00000| Untracked 
| 110|0x0000000086e00000, 0x0000000086e00000, 0x0000000086f00000|  0%| F|  |TAMS 0x0000000086e00000| PB 0x0000000086e00000| Untracked 
| 111|0x0000000086f00000, 0x0000000087000000, 0x0000000087000000|100%| S|CS|TAMS 0x0000000086f00000| PB 0x0000000086f00000| Complete 
| 112|0x0000000087000000, 0x0000000087100000, 0x0000000087100000|100%| S|CS|TAMS 0x0000000087000000| PB 0x0000000087000000| Complete 
| 113|0x0000000087100000, 0x0000000087200000, 0x0000000087200000|100%| S|CS|TAMS 0x0000000087100000| PB 0x0000000087100000| Complete 
| 114|0x0000000087200000, 0x0000000087300000, 0x0000000087300000|100%| S|CS|TAMS 0x0000000087200000| PB 0x0000000087200000| Complete 
| 115|0x0000000087300000, 0x0000000087400000, 0x0000000087400000|100%| S|CS|TAMS 0x0000000087300000| PB 0x0000000087300000| Complete 
| 116|0x0000000087400000, 0x0000000087500000, 0x0000000087500000|100%| S|CS|TAMS 0x0000000087400000| PB 0x0000000087400000| Complete 
| 117|0x0000000087500000, 0x0000000087600000, 0x0000000087600000|100%| S|CS|TAMS 0x0000000087500000| PB 0x0000000087500000| Complete 
| 118|0x0000000087600000, 0x0000000087600000, 0x0000000087700000|  0%| F|  |TAMS 0x0000000087600000| PB 0x0000000087600000| Untracked 
| 119|0x0000000087700000, 0x0000000087700000, 0x0000000087800000|  0%| F|  |TAMS 0x0000000087700000| PB 0x0000000087700000| Untracked 
| 120|0x0000000087800000, 0x0000000087800000, 0x0000000087900000|  0%| F|  |TAMS 0x0000000087800000| PB 0x0000000087800000| Untracked 
| 121|0x0000000087900000, 0x0000000087900000, 0x0000000087a00000|  0%| F|  |TAMS 0x0000000087900000| PB 0x0000000087900000| Untracked 
| 122|0x0000000087a00000, 0x0000000087a00000, 0x0000000087b00000|  0%| F|  |TAMS 0x0000000087a00000| PB 0x0000000087a00000| Untracked 
| 123|0x0000000087b00000, 0x0000000087b00000, 0x0000000087c00000|  0%| F|  |TAMS 0x0000000087b00000| PB 0x0000000087b00000| Untracked 
| 124|0x0000000087c00000, 0x0000000087c00000, 0x0000000087d00000|  0%| F|  |TAMS 0x0000000087c00000| PB 0x0000000087c00000| Untracked 
| 125|0x0000000087d00000, 0x0000000087d00000, 0x0000000087e00000|  0%| F|  |TAMS 0x0000000087d00000| PB 0x0000000087d00000| Untracked 
| 126|0x0000000087e00000, 0x0000000087e00000, 0x0000000087f00000|  0%| F|  |TAMS 0x0000000087e00000| PB 0x0000000087e00000| Untracked 
| 127|0x0000000087f00000, 0x0000000087f00000, 0x0000000088000000|  0%| F|  |TAMS 0x0000000087f00000| PB 0x0000000087f00000| Untracked 
| 128|0x0000000088000000, 0x0000000088000000, 0x0000000088100000|  0%| F|  |TAMS 0x0000000088000000| PB 0x0000000088000000| Untracked 
| 129|0x0000000088100000, 0x0000000088100000, 0x0000000088200000|  0%| F|  |TAMS 0x0000000088100000| PB 0x0000000088100000| Untracked 
| 130|0x0000000088200000, 0x0000000088200000, 0x0000000088300000|  0%| F|  |TAMS 0x0000000088200000| PB 0x0000000088200000| Untracked 
| 131|0x0000000088300000, 0x0000000088300000, 0x0000000088400000|  0%| F|  |TAMS 0x0000000088300000| PB 0x0000000088300000| Untracked 
| 132|0x0000000088400000, 0x0000000088400000, 0x0000000088500000|  0%| F|  |TAMS 0x0000000088400000| PB 0x0000000088400000| Untracked 
| 133|0x0000000088500000, 0x0000000088500000, 0x0000000088600000|  0%| F|  |TAMS 0x0000000088500000| PB 0x0000000088500000| Untracked 
| 134|0x0000000088600000, 0x0000000088600000, 0x0000000088700000|  0%| F|  |TAMS 0x0000000088600000| PB 0x0000000088600000| Untracked 
| 135|0x0000000088700000, 0x0000000088700000, 0x0000000088800000|  0%| F|  |TAMS 0x0000000088700000| PB 0x0000000088700000| Untracked 
| 136|0x0000000088800000, 0x0000000088800000, 0x0000000088900000|  0%| F|  |TAMS 0x0000000088800000| PB 0x0000000088800000| Untracked 
| 137|0x0000000088900000, 0x0000000088900000, 0x0000000088a00000|  0%| F|  |TAMS 0x0000000088900000| PB 0x0000000088900000| Untracked 
| 138|0x0000000088a00000, 0x0000000088a00000, 0x0000000088b00000|  0%| F|  |TAMS 0x0000000088a00000| PB 0x0000000088a00000| Untracked 
| 139|0x0000000088b00000, 0x0000000088b00000, 0x0000000088c00000|  0%| F|  |TAMS 0x0000000088b00000| PB 0x0000000088b00000| Untracked 
| 140|0x0000000088c00000, 0x0000000088c00000, 0x0000000088d00000|  0%| F|  |TAMS 0x0000000088c00000| PB 0x0000000088c00000| Untracked 
| 141|0x0000000088d00000, 0x0000000088d00000, 0x0000000088e00000|  0%| F|  |TAMS 0x0000000088d00000| PB 0x0000000088d00000| Untracked 
| 142|0x0000000088e00000, 0x0000000088e00000, 0x0000000088f00000|  0%| F|  |TAMS 0x0000000088e00000| PB 0x0000000088e00000| Untracked 
| 143|0x0000000088f00000, 0x0000000088f00000, 0x0000000089000000|  0%| F|  |TAMS 0x0000000088f00000| PB 0x0000000088f00000| Untracked 
| 144|0x0000000089000000, 0x0000000089000000, 0x0000000089100000|  0%| F|  |TAMS 0x0000000089000000| PB 0x0000000089000000| Untracked 
| 145|0x0000000089100000, 0x0000000089100000, 0x0000000089200000|  0%| F|  |TAMS 0x0000000089100000| PB 0x0000000089100000| Untracked 
| 146|0x0000000089200000, 0x0000000089200000, 0x0000000089300000|  0%| F|  |TAMS 0x0000000089200000| PB 0x0000000089200000| Untracked 
| 147|0x0000000089300000, 0x0000000089300000, 0x0000000089400000|  0%| F|  |TAMS 0x0000000089300000| PB 0x0000000089300000| Untracked 
| 148|0x0000000089400000, 0x0000000089400000, 0x0000000089500000|  0%| F|  |TAMS 0x0000000089400000| PB 0x0000000089400000| Untracked 
| 149|0x0000000089500000, 0x0000000089500000, 0x0000000089600000|  0%| F|  |TAMS 0x0000000089500000| PB 0x0000000089500000| Untracked 
| 150|0x0000000089600000, 0x0000000089600000, 0x0000000089700000|  0%| F|  |TAMS 0x0000000089600000| PB 0x0000000089600000| Untracked 
| 151|0x0000000089700000, 0x0000000089700000, 0x0000000089800000|  0%| F|  |TAMS 0x0000000089700000| PB 0x0000000089700000| Untracked 
| 152|0x0000000089800000, 0x0000000089880000, 0x0000000089900000| 50%| E|  |TAMS 0x0000000089800000| PB 0x0000000089800000| Complete 
| 153|0x0000000089900000, 0x0000000089a00000, 0x0000000089a00000|100%| E|CS|TAMS 0x0000000089900000| PB 0x0000000089900000| Complete 
| 154|0x0000000089a00000, 0x0000000089b00000, 0x0000000089b00000|100%| E|CS|TAMS 0x0000000089a00000| PB 0x0000000089a00000| Complete 
| 155|0x0000000089b00000, 0x0000000089c00000, 0x0000000089c00000|100%| E|  |TAMS 0x0000000089b00000| PB 0x0000000089b00000| Complete 
| 156|0x0000000089c00000, 0x0000000089d00000, 0x0000000089d00000|100%| E|CS|TAMS 0x0000000089c00000| PB 0x0000000089c00000| Complete 
| 157|0x0000000089d00000, 0x0000000089e00000, 0x0000000089e00000|100%| E|CS|TAMS 0x0000000089d00000| PB 0x0000000089d00000| Complete 
| 158|0x0000000089e00000, 0x0000000089f00000, 0x0000000089f00000|100%| E|CS|TAMS 0x0000000089e00000| PB 0x0000000089e00000| Complete 
| 159|0x0000000089f00000, 0x000000008a000000, 0x000000008a000000|100%| E|CS|TAMS 0x0000000089f00000| PB 0x0000000089f00000| Complete 
| 160|0x000000008a000000, 0x000000008a100000, 0x000000008a100000|100%| E|CS|TAMS 0x000000008a000000| PB 0x000000008a000000| Complete 
| 161|0x000000008a100000, 0x000000008a200000, 0x000000008a200000|100%| E|CS|TAMS 0x000000008a100000| PB 0x000000008a100000| Complete 
| 162|0x000000008a200000, 0x000000008a300000, 0x000000008a300000|100%| E|CS|TAMS 0x000000008a200000| PB 0x000000008a200000| Complete 
| 163|0x000000008a300000, 0x000000008a400000, 0x000000008a400000|100%| E|CS|TAMS 0x000000008a300000| PB 0x000000008a300000| Complete 
| 164|0x000000008a400000, 0x000000008a500000, 0x000000008a500000|100%| E|CS|TAMS 0x000000008a400000| PB 0x000000008a400000| Complete 
| 165|0x000000008a500000, 0x000000008a600000, 0x000000008a600000|100%| E|CS|TAMS 0x000000008a500000| PB 0x000000008a500000| Complete 
| 166|0x000000008a600000, 0x000000008a700000, 0x000000008a700000|100%| E|CS|TAMS 0x000000008a600000| PB 0x000000008a600000| Complete 
| 167|0x000000008a700000, 0x000000008a800000, 0x000000008a800000|100%| E|CS|TAMS 0x000000008a700000| PB 0x000000008a700000| Complete 
| 168|0x000000008a800000, 0x000000008a900000, 0x000000008a900000|100%| E|CS|TAMS 0x000000008a800000| PB 0x000000008a800000| Complete 
|2033|0x00000000ff100000, 0x00000000ff200000, 0x00000000ff200000|100%| E|CS|TAMS 0x00000000ff100000| PB 0x00000000ff100000| Complete 
|2034|0x00000000ff200000, 0x00000000ff300000, 0x00000000ff300000|100%| E|CS|TAMS 0x00000000ff200000| PB 0x00000000ff200000| Complete 
|2035|0x00000000ff300000, 0x00000000ff400000, 0x00000000ff400000|100%| O|  |TAMS 0x00000000ff300000| PB 0x00000000ff300000| Untracked 
|2036|0x00000000ff400000, 0x00000000ff500000, 0x00000000ff500000|100%| O|  |TAMS 0x00000000ff400000| PB 0x00000000ff400000| Untracked 
|2037|0x00000000ff500000, 0x00000000ff600000, 0x00000000ff600000|100%| O|  |TAMS 0x00000000ff500000| PB 0x00000000ff500000| Untracked 
|2038|0x00000000ff600000, 0x00000000ff700000, 0x00000000ff700000|100%| O|  |TAMS 0x00000000ff600000| PB 0x00000000ff600000| Untracked 
|2039|0x00000000ff700000, 0x00000000ff800000, 0x00000000ff800000|100%| O|  |TAMS 0x00000000ff700000| PB 0x00000000ff700000| Untracked 
|2040|0x00000000ff800000, 0x00000000ff900000, 0x00000000ff900000|100%| O|  |TAMS 0x00000000ff800000| PB 0x00000000ff800000| Untracked 
|2041|0x00000000ff900000, 0x00000000ffa00000, 0x00000000ffa00000|100%| O|  |TAMS 0x00000000ff900000| PB 0x00000000ff900000| Untracked 
|2042|0x00000000ffa00000, 0x00000000ffb00000, 0x00000000ffb00000|100%| O|  |TAMS 0x00000000ffa00000| PB 0x00000000ffa00000| Untracked 
|2043|0x00000000ffb00000, 0x00000000ffc00000, 0x00000000ffc00000|100%| O|  |TAMS 0x00000000ffb00000| PB 0x00000000ffb00000| Untracked 
|2044|0x00000000ffc00000, 0x00000000ffd00000, 0x00000000ffd00000|100%| O|  |TAMS 0x00000000ffc00000| PB 0x00000000ffc00000| Untracked 
|2045|0x00000000ffd00000, 0x00000000ffe00000, 0x00000000ffe00000|100%| O|  |TAMS 0x00000000ffd00000| PB 0x00000000ffd00000| Untracked 
|2046|0x00000000ffe00000, 0x00000000fff00000, 0x00000000fff00000|100%| E|CS|TAMS 0x00000000ffe00000| PB 0x00000000ffe00000| Complete 
|2047|0x00000000fff00000, 0x0000000100000000, 0x0000000100000000|100%| O|  |TAMS 0x00000000fff00000| PB 0x00000000fff00000| Untracked 

Card table byte_map: [0x000002977fad0000,0x000002977fed0000] _byte_map_base: 0x000002977f6d0000

Marking Bits: (CMBitMap*) 0x000002977a2fe6c0
 Bits: [0x000002970f000000, 0x0000029711000000)

Polling page: 0x000002977a400000

Metaspace:

Usage:
  Non-class:     93.22 MB used.
      Class:     14.65 MB used.
       Both:    107.87 MB used.

Virtual space:
  Non-class space:      128.00 MB reserved,      94.25 MB ( 74%) committed,  2 nodes.
      Class space:        1.00 GB reserved,      15.75 MB (  2%) committed,  1 nodes.
             Both:        1.12 GB reserved,     110.00 MB ( 10%) committed. 

Chunk freelists:
   Non-Class:  1.61 MB
       Class:  80.00 KB
        Both:  1.69 MB

MaxMetaspaceSize: unlimited
CompressedClassSpaceSize: 1.00 GB
Initial GC threshold: 21.00 MB
Current GC threshold: 180.31 MB
CDS: off
 - commit_granule_bytes: 65536.
 - commit_granule_words: 8192.
 - virtual_space_node_default_size: 8388608.
 - enlarge_chunks_in_place: 1.
 - use_allocation_guard: 0.


Internal statistics:

num_allocs_failed_limit: 12.
num_arena_births: 4214.
num_arena_deaths: 0.
num_vsnodes_births: 3.
num_vsnodes_deaths: 0.
num_space_committed: 1759.
num_space_uncommitted: 0.
num_chunks_returned_to_freelist: 12.
num_chunks_taken_from_freelist: 8958.
num_chunk_merges: 12.
num_chunk_splits: 5821.
num_chunks_enlarged: 3630.
num_inconsistent_stats: 0.

CodeHeap 'non-profiled nmethods': size=120000Kb used=7574Kb max_used=7574Kb free=112425Kb
 bounds [0x0000029707ad0000, 0x0000029708240000, 0x000002970f000000]
CodeHeap 'profiled nmethods': size=120000Kb used=21949Kb max_used=21949Kb free=98051Kb
 bounds [0x0000029700000000, 0x0000029701570000, 0x0000029707530000]
CodeHeap 'non-nmethods': size=5760Kb used=2379Kb max_used=2425Kb free=3380Kb
 bounds [0x0000029707530000, 0x00000297077a0000, 0x0000029707ad0000]
 total_blobs=12745 nmethods=11872 adapters=776
 compilation: enabled
              stopped_count=0, restarted_count=0
 full_count=0

Compilation events (20 events):
Event: 39.964 Thread 0x000002971b9b06f0 nmethod 13935 0x0000029708231d90 code [0x0000029708231f60, 0x00000297082326c8]
Event: 39.964 Thread 0x000002971b9b06f0 13950       4       java.util.Objects::equals (23 bytes)
Event: 39.964 Thread 0x0000029713c34fe0 nmethod 13954% 0x0000029701562490 code [0x00000297015626c0, 0x0000029701562e90]
Event: 39.964 Thread 0x0000029713c34fe0 13955       3       org.gradle.internal.remote.internal.inet.SocketConnection$SocketOutputStream::write (78 bytes)
Event: 39.964 Thread 0x000002971b9b06f0 nmethod 13950 0x0000029708232a10 code [0x0000029708232ba0, 0x0000029708232c48]
Event: 39.964 Thread 0x000002971b9b06f0 13957 %     4       java.io.ObjectOutputStream$BlockDataOutputStream::writeBytes @ 95 (144 bytes)
Event: 39.965 Thread 0x0000029713c34fe0 nmethod 13955 0x0000029701563210 code [0x0000029701563460, 0x0000029701563cd8]
Event: 39.965 Thread 0x0000029713c34fe0 13956       3       java.nio.ByteBuffer::put (69 bytes)
Event: 39.965 Thread 0x0000029713c34fe0 nmethod 13956 0x0000029701564010 code [0x0000029701564240, 0x0000029701564920]
Event: 39.965 Thread 0x0000029713c34fe0 13958       3       sun.nio.ch.SocketChannelImpl::ensureOpenAndConnected (32 bytes)
Event: 39.965 Thread 0x0000029713c34fe0 nmethod 13958 0x0000029701564b90 code [0x0000029701564d60, 0x0000029701565020]
Event: 39.969 Thread 0x000002971d267030 nmethod 13940 0x0000029708232d10 code [0x0000029708232f20, 0x0000029708233940]
Event: 39.969 Thread 0x000002971d267030 13952       4       java.io.DataOutputStream::writeUTF (389 bytes)
Event: 39.971 Thread 0x000002971b9b06f0 nmethod 13957% 0x0000029708233f90 code [0x0000029708234180, 0x0000029708234a30]
Event: 39.975 Thread 0x0000029713c34fe0 13959       3       org.gradle.execution.plan.Node::forceAllDependenciesCompleteUpdate (9 bytes)
Event: 39.975 Thread 0x0000029713c34fe0 nmethod 13959 0x0000029701565190 code [0x0000029701565340, 0x0000029701565550]
Event: 39.975 Thread 0x0000029713c34fe0 13961       3       org.gradle.execution.plan.Node::updateAllDependenciesComplete (15 bytes)
Event: 39.975 Thread 0x0000029713c34fe0 nmethod 13961 0x0000029701565610 code [0x00000297015657c0, 0x0000029701565ae8]
Event: 39.975 Thread 0x0000029713c34fe0 13960       3       org.gradle.execution.plan.Node::doCheckDependenciesComplete (36 bytes)
Event: 39.975 Thread 0x0000029713c34fe0 nmethod 13960 0x0000029701565c10 code [0x0000029701565de0, 0x0000029701566120]

GC Heap History (20 events):
Event: 24.216 GC heap before
{Heap before GC invocations=33 (full 0):
 garbage-first heap   total 126976K, used 112978K [0x0000000080000000, 0x0000000100000000)
  region size 1024K, 40 young (40960K), 5 survivors (5120K)
 Metaspace       used 97695K, committed 99776K, reserved 1179648K
  class space    used 13466K, committed 14528K, reserved 1048576K
}
Event: 24.222 GC heap after
{Heap after GC invocations=34 (full 0):
 garbage-first heap   total 126976K, used 78052K [0x0000000080000000, 0x0000000100000000)
  region size 1024K, 4 young (4096K), 4 survivors (4096K)
 Metaspace       used 97695K, committed 99776K, reserved 1179648K
  class space    used 13466K, committed 14528K, reserved 1048576K
}
Event: 25.345 GC heap before
{Heap before GC invocations=34 (full 0):
 garbage-first heap   total 126976K, used 114916K [0x0000000080000000, 0x0000000100000000)
  region size 1024K, 40 young (40960K), 4 survivors (4096K)
 Metaspace       used 100170K, committed 102272K, reserved 1179648K
  class space    used 13811K, committed 14848K, reserved 1048576K
}
Event: 25.353 GC heap after
{Heap after GC invocations=35 (full 0):
 garbage-first heap   total 126976K, used 81107K [0x0000000080000000, 0x0000000100000000)
  region size 1024K, 5 young (5120K), 5 survivors (5120K)
 Metaspace       used 100170K, committed 102272K, reserved 1179648K
  class space    used 13811K, committed 14848K, reserved 1048576K
}
Event: 26.465 GC heap before
{Heap before GC invocations=36 (full 0):
 garbage-first heap   total 137216K, used 111827K [0x0000000080000000, 0x0000000100000000)
  region size 1024K, 36 young (36864K), 5 survivors (5120K)
 Metaspace       used 101955K, committed 104064K, reserved 1179648K
  class space    used 14105K, committed 15168K, reserved 1048576K
}
Event: 26.473 GC heap after
{Heap after GC invocations=37 (full 0):
 garbage-first heap   total 137216K, used 85284K [0x0000000080000000, 0x0000000100000000)
  region size 1024K, 5 young (5120K), 5 survivors (5120K)
 Metaspace       used 101955K, committed 104064K, reserved 1179648K
  class space    used 14105K, committed 15168K, reserved 1048576K
}
Event: 27.600 GC heap before
{Heap before GC invocations=37 (full 0):
 garbage-first heap   total 137216K, used 127268K [0x0000000080000000, 0x0000000100000000)
  region size 1024K, 42 young (43008K), 5 survivors (5120K)
 Metaspace       used 103408K, committed 105536K, reserved 1179648K
  class space    used 14224K, committed 15296K, reserved 1048576K
}
Event: 27.608 GC heap after
{Heap after GC invocations=38 (full 0):
 garbage-first heap   total 137216K, used 86934K [0x0000000080000000, 0x0000000100000000)
  region size 1024K, 4 young (4096K), 4 survivors (4096K)
 Metaspace       used 103408K, committed 105536K, reserved 1179648K
  class space    used 14224K, committed 15296K, reserved 1048576K
}
Event: 27.888 GC heap before
{Heap before GC invocations=38 (full 0):
 garbage-first heap   total 137216K, used 91030K [0x0000000080000000, 0x0000000100000000)
  region size 1024K, 10 young (10240K), 4 survivors (4096K)
 Metaspace       used 103701K, committed 105856K, reserved 1179648K
  class space    used 14263K, committed 15360K, reserved 1048576K
}
Event: 27.892 GC heap after
{Heap after GC invocations=39 (full 0):
 garbage-first heap   total 137216K, used 87379K [0x0000000080000000, 0x0000000100000000)
  region size 1024K, 1 young (1024K), 1 survivors (1024K)
 Metaspace       used 103701K, committed 105856K, reserved 1179648K
  class space    used 14263K, committed 15360K, reserved 1048576K
}
Event: 28.661 GC heap before
{Heap before GC invocations=40 (full 0):
 garbage-first heap   total 150528K, used 128339K [0x0000000080000000, 0x0000000100000000)
  region size 1024K, 40 young (40960K), 1 survivors (1024K)
 Metaspace       used 105449K, committed 107648K, reserved 1179648K
  class space    used 14442K, committed 15552K, reserved 1048576K
}
Event: 28.674 GC heap after
{Heap after GC invocations=41 (full 0):
 garbage-first heap   total 150528K, used 104628K [0x0000000080000000, 0x0000000100000000)
  region size 1024K, 5 young (5120K), 5 survivors (5120K)
 Metaspace       used 105449K, committed 107648K, reserved 1179648K
  class space    used 14442K, committed 15552K, reserved 1048576K
}
Event: 29.864 GC heap before
{Heap before GC invocations=41 (full 0):
 garbage-first heap   total 150528K, used 147636K [0x0000000080000000, 0x0000000100000000)
  region size 1024K, 33 young (33792K), 5 survivors (5120K)
 Metaspace       used 107443K, committed 109632K, reserved 1179648K
  class space    used 14630K, committed 15680K, reserved 1048576K
}
Event: 29.872 GC heap after
{Heap after GC invocations=42 (full 0):
 garbage-first heap   total 159744K, used 108308K [0x0000000080000000, 0x0000000100000000)
  region size 1024K, 4 young (4096K), 4 survivors (4096K)
 Metaspace       used 107443K, committed 109632K, reserved 1179648K
  class space    used 14630K, committed 15680K, reserved 1048576K
}
Event: 30.551 GC heap before
{Heap before GC invocations=42 (full 0):
 garbage-first heap   total 159744K, used 141076K [0x0000000080000000, 0x0000000100000000)
  region size 1024K, 37 young (37888K), 4 survivors (4096K)
 Metaspace       used 108570K, committed 110784K, reserved 1179648K
  class space    used 14776K, committed 15872K, reserved 1048576K
}
Event: 30.558 GC heap after
{Heap after GC invocations=43 (full 0):
 garbage-first heap   total 159744K, used 112001K [0x0000000080000000, 0x0000000100000000)
  region size 1024K, 4 young (4096K), 4 survivors (4096K)
 Metaspace       used 108570K, committed 110784K, reserved 1179648K
  class space    used 14776K, committed 15872K, reserved 1048576K
}
Event: 30.897 GC heap before
{Heap before GC invocations=44 (full 0):
 garbage-first heap   total 188416K, used 142721K [0x0000000080000000, 0x0000000100000000)
  region size 1024K, 35 young (35840K), 4 survivors (4096K)
 Metaspace       used 108989K, committed 111168K, reserved 1179648K
  class space    used 14816K, committed 15872K, reserved 1048576K
}
Event: 30.903 GC heap after
{Heap after GC invocations=45 (full 0):
 garbage-first heap   total 188416K, used 114390K [0x0000000080000000, 0x0000000100000000)
  region size 1024K, 4 young (4096K), 4 survivors (4096K)
 Metaspace       used 108989K, committed 111168K, reserved 1179648K
  class space    used 14816K, committed 15872K, reserved 1048576K
}
Event: 31.688 GC heap before
{Heap before GC invocations=45 (full 0):
 garbage-first heap   total 188416K, used 162518K [0x0000000080000000, 0x0000000100000000)
  region size 1024K, 52 young (53248K), 4 survivors (4096K)
 Metaspace       used 109702K, committed 111808K, reserved 1179648K
  class space    used 14896K, committed 15936K, reserved 1048576K
}
Event: 31.696 GC heap after
{Heap after GC invocations=46 (full 0):
 garbage-first heap   total 188416K, used 112385K [0x0000000080000000, 0x0000000100000000)
  region size 1024K, 7 young (7168K), 7 survivors (7168K)
 Metaspace       used 109702K, committed 111808K, reserved 1179648K
  class space    used 14896K, committed 15936K, reserved 1048576K
}

Dll operation events (3 events):
Event: 0.015 Loaded shared library E:\android studio\jbr\bin\java.dll
Event: 0.023 Loaded shared library E:\android studio\jbr\bin\zip.dll
Event: 0.935 Loaded shared library E:\android studio\jbr\bin\verify.dll

Deoptimization events (20 events):
Event: 39.952 Thread 0x000002971b438060 DEOPT PACKING pc=0x0000029708220d24 sp=0x000000ff7f1fda80
Event: 39.952 Thread 0x000002971b438060 DEOPT UNPACKING pc=0x0000029707587da2 sp=0x000000ff7f1fda28 mode 2
Event: 39.953 Thread 0x000002971b438060 Uncommon trap: trap_request=0xffffff45 fr.pc=0x0000029708200e5c relative=0x00000000000000bc
Event: 39.953 Thread 0x000002971b438060 Uncommon trap: reason=unstable_if action=reinterpret pc=0x0000029708200e5c method=org.gradle.internal.operations.logging.LoggingBuildOperationProgressBroadcaster.onOutput(Lorg/gradle/internal/logging/events/OutputEvent;)V @ 4 c2
Event: 39.953 Thread 0x000002971b438060 DEOPT PACKING pc=0x0000029708200e5c sp=0x000000ff7f1fdb30
Event: 39.953 Thread 0x000002971b438060 DEOPT UNPACKING pc=0x0000029707587da2 sp=0x000000ff7f1fdab0 mode 2
Event: 39.953 Thread 0x000002971b438060 Uncommon trap: trap_request=0xffffffde fr.pc=0x0000029708200668 relative=0x00000000000003c8
Event: 39.953 Thread 0x000002971b438060 Uncommon trap: reason=class_check action=maybe_recompile pc=0x0000029708200668 method=org.gradle.tooling.internal.provider.runner.ClientBuildEventGenerator.progress(Lorg/gradle/internal/operations/OperationIdentifier;Lorg/gradle/internal/operations/Operat
Event: 39.953 Thread 0x000002971b438060 DEOPT PACKING pc=0x0000029708200668 sp=0x000000ff7f1fd820
Event: 39.953 Thread 0x000002971b438060 DEOPT UNPACKING pc=0x0000029707587da2 sp=0x000000ff7f1fd7d0 mode 2
Event: 39.953 Thread 0x000002971b438060 Uncommon trap: trap_request=0xffffffde fr.pc=0x0000029708200668 relative=0x00000000000003c8
Event: 39.953 Thread 0x000002971b438060 Uncommon trap: reason=class_check action=maybe_recompile pc=0x0000029708200668 method=org.gradle.tooling.internal.provider.runner.ClientBuildEventGenerator.progress(Lorg/gradle/internal/operations/OperationIdentifier;Lorg/gradle/internal/operations/Operat
Event: 39.953 Thread 0x000002971b438060 DEOPT PACKING pc=0x0000029708200668 sp=0x000000ff7f1fd820
Event: 39.953 Thread 0x000002971b438060 DEOPT UNPACKING pc=0x0000029707587da2 sp=0x000000ff7f1fd7d0 mode 2
Event: 39.963 Thread 0x0000029719d3e6d0 DEOPT PACKING pc=0x000002970086af8e sp=0x000000ff7b0fd9a0
Event: 39.963 Thread 0x0000029719d3e6d0 DEOPT UNPACKING pc=0x00000297075888e2 sp=0x000000ff7b0fcef8 mode 0
Event: 39.963 Thread 0x0000029719d3e6d0 Uncommon trap: trap_request=0xffffff45 fr.pc=0x0000029707de81b0 relative=0x00000000000004d0
Event: 39.963 Thread 0x0000029719d3e6d0 Uncommon trap: reason=unstable_if action=reinterpret pc=0x0000029707de81b0 method=java.io.ObjectOutputStream$BlockDataOutputStream.writeBytes(Ljava/lang/String;)V @ 22 c2
Event: 39.963 Thread 0x0000029719d3e6d0 DEOPT PACKING pc=0x0000029707de81b0 sp=0x000000ff7b0fd360
Event: 39.963 Thread 0x0000029719d3e6d0 DEOPT UNPACKING pc=0x0000029707587da2 sp=0x000000ff7b0fd2e8 mode 2

Classes loaded (20 events):
Event: 31.706 Loading class java/util/concurrent/Executors$DelegatedExecutorService done
Event: 31.706 Loading class java/util/concurrent/Executors$DelegatedScheduledExecutorService done
Event: 31.713 Loading class java/lang/ProcessImpl
Event: 31.716 Loading class java/lang/ProcessImpl done
Event: 31.741 Loading class java/lang/ProcessHandleImpl
Event: 31.742 Loading class java/lang/ProcessHandleImpl done
Event: 31.744 Loading class java/lang/ProcessImpl$2
Event: 31.744 Loading class java/lang/ProcessImpl$2 done
Event: 31.745 Loading class java/lang/Process$PipeInputStream
Event: 31.745 Loading class java/lang/Process$PipeInputStream done
Event: 31.749 Loading class jdk/internal/event/ProcessStartEvent
Event: 31.749 Loading class jdk/internal/event/ProcessStartEvent done
Event: 39.340 Loading class java/io/PrintWriter$1
Event: 39.340 Loading class jdk/internal/access/JavaIOPrintWriterAccess
Event: 39.340 Loading class jdk/internal/access/JavaIOPrintWriterAccess done
Event: 39.340 Loading class java/io/PrintWriter$1 done
Event: 39.958 Loading class java/lang/Throwable$WrappedPrintWriter
Event: 39.958 Loading class java/lang/Throwable$PrintStreamOrWriter
Event: 39.958 Loading class java/lang/Throwable$PrintStreamOrWriter done
Event: 39.958 Loading class java/lang/Throwable$WrappedPrintWriter done

Classes unloaded (0 events):
No events

Classes redefined (0 events):
No events

Internal exceptions (20 events):
Event: 30.512 Thread 0x000002971d0ca290 Exception <a 'java/lang/NoSuchMethodError'{0x0000000086c61980}: static Lcom/android/build/gradle/internal/scope/InternalArtifactType;.<clinit>()V> (0x0000000086c61980) 
thrown [s\src\hotspot\share\prims\jni.cpp, line 1135]
Event: 30.832 Thread 0x000002971d0ca290 Exception <a 'java/lang/NoSuchMethodError'{0x000000008a29a140}: static Lcom/android/builder/internal/aapt/AaptOptions;.<clinit>()V> (0x000000008a29a140) 
thrown [s\src\hotspot\share\prims\jni.cpp, line 1135]
Event: 30.834 Thread 0x000002971d0ca290 Exception <a 'java/lang/NoSuchMethodError'{0x000000008a2b12e0}: static Ljava/lang/Object;.<clinit>()V> (0x000000008a2b12e0) 
thrown [s\src\hotspot\share\prims\jni.cpp, line 1135]
Event: 30.836 Thread 0x000002971d0ca290 Exception <a 'java/lang/NoSuchMethodError'{0x000000008a2d2130}: static Lcom/android/build/api/variant/impl/SerializableApplicationMultiOutputHandler;.<clinit>()V> (0x000000008a2d2130) 
thrown [s\src\hotspot\share\prims\jni.cpp, line 1135]
Event: 30.837 Thread 0x000002971d0ca290 Exception <a 'java/lang/NoSuchMethodError'{0x000000008a2ea370}: static Lcom/android/build/api/variant/impl/VariantOutputImpl$SerializedForm;.<clinit>()V> (0x000000008a2ea370) 
thrown [s\src\hotspot\share\prims\jni.cpp, line 1135]
Event: 30.838 Thread 0x000002971d0ca290 Exception <a 'java/lang/NoSuchMethodError'{0x000000008a101758}: static Lcom/android/build/api/variant/impl/VariantOutputConfigurationImpl;.<clinit>()V> (0x000000008a101758) 
thrown [s\src\hotspot\share\prims\jni.cpp, line 1135]
Event: 30.859 Thread 0x000002971d0c53d0 Exception <a 'sun/nio/fs/WindowsException'{0x000000008a02b6a0}> (0x000000008a02b6a0) 
thrown [s\src\hotspot\share\prims\jni.cpp, line 535]
Event: 31.575 Thread 0x000002971b438060 Exception <a 'sun/nio/fs/WindowsException'{0x0000000087d4d868}> (0x0000000087d4d868) 
thrown [s\src\hotspot\share\prims\jni.cpp, line 535]
Event: 31.576 Thread 0x000002971b438060 Exception <a 'sun/nio/fs/WindowsException'{0x0000000087d4e418}> (0x0000000087d4e418) 
thrown [s\src\hotspot\share\prims\jni.cpp, line 535]
Event: 31.739 Thread 0x000002971b438060 Exception <a 'java/lang/NoSuchMethodError'{0x00000000ff2e8770}: 'void java.lang.invoke.DirectMethodHandle$Holder.invokeStatic(java.lang.Object, long)'> (0x00000000ff2e8770) 
thrown [s\src\hotspot\share\interpreter\linkResolver.cpp, line 784]
Event: 31.743 Thread 0x000002971b438060 Exception <a 'java/lang/NoSuchMethodError'{0x00000000ff2f2658}: 'java.lang.Object java.lang.invoke.DirectMethodHandle$Holder.invokeStaticInit(java.lang.Object, long, java.lang.Object)'> (0x00000000ff2f2658) 
thrown [s\src\hotspot\share\interpreter\linkResolver.cpp, line 784]
Event: 31.749 Thread 0x000002971d0ca920 Exception <a 'sun/nio/fs/WindowsException'{0x00000000ff14d880}> (0x00000000ff14d880) 
thrown [s\src\hotspot\share\prims\jni.cpp, line 535]
Event: 31.749 Thread 0x000002971d0ca920 Exception <a 'sun/nio/fs/WindowsException'{0x00000000ff14f950}> (0x00000000ff14f950) 
thrown [s\src\hotspot\share\prims\jni.cpp, line 535]
Event: 31.810 Thread 0x000002971d0ca920 Exception <a 'sun/nio/fs/WindowsException'{0x000000008a248bc8}> (0x000000008a248bc8) 
thrown [s\src\hotspot\share\prims\jni.cpp, line 535]
Event: 39.315 Thread 0x000002971c643b70 Implicit null exception at 0x0000029707eb5d8b to 0x0000029707eb5e4c
Event: 39.315 Thread 0x000002971c643b70 Implicit null exception at 0x0000029707b49e8e to 0x0000029707b4a5b8
Event: 39.335 Thread 0x000002971b438060 Exception <a 'sun/nio/fs/WindowsException'{0x000000008a0d21f0}> (0x000000008a0d21f0) 
thrown [s\src\hotspot\share\prims\jni.cpp, line 535]
Event: 39.962 Thread 0x0000029719d3e6d0 Exception <a 'java/lang/NoSuchMethodError'{0x0000000089a16130}: static Lorg/gradle/internal/build/event/types/DefaultTaskFailureResult;.<clinit>()V> (0x0000000089a16130) 
thrown [s\src\hotspot\share\prims\jni.cpp, line 1135]
Event: 39.963 Thread 0x0000029719d3e6d0 Exception <a 'java/lang/NoSuchMethodError'{0x0000000089a2db68}: static Lorg/gradle/internal/build/event/types/DefaultFailure;.<clinit>()V> (0x0000000089a2db68) 
thrown [s\src\hotspot\share\prims\jni.cpp, line 1135]
Event: 39.975 Thread 0x0000029719d3e6d0 Exception <a 'java/io/IOException'{0x0000000089a30058}> (0x0000000089a30058) 
thrown [s\src\hotspot\share\prims\jni.cpp, line 535]

ZGC Phase Switch (0 events):
No events

VM Operations (20 events):
Event: 30.753 Executing VM operation: G1PauseCleanup
Event: 30.754 Executing VM operation: G1PauseCleanup done
Event: 30.765 Executing VM operation: HandshakeAllThreads (Deoptimize)
Event: 30.766 Executing VM operation: HandshakeAllThreads (Deoptimize) done
Event: 30.897 Executing VM operation: G1CollectForAllocation (G1 Evacuation Pause)
Event: 30.903 Executing VM operation: G1CollectForAllocation (G1 Evacuation Pause) done
Event: 31.683 Executing VM operation: HandshakeAllThreads (Deoptimize)
Event: 31.683 Executing VM operation: HandshakeAllThreads (Deoptimize) done
Event: 31.687 Executing VM operation: G1CollectForAllocation (G1 Evacuation Pause)
Event: 31.696 Executing VM operation: G1CollectForAllocation (G1 Evacuation Pause) done
Event: 31.749 Executing VM operation: HandshakeAllThreads (Deoptimize)
Event: 31.749 Executing VM operation: HandshakeAllThreads (Deoptimize) done
Event: 32.749 Executing VM operation: Cleanup
Event: 32.749 Executing VM operation: Cleanup done
Event: 33.750 Executing VM operation: Cleanup
Event: 33.750 Executing VM operation: Cleanup done
Event: 39.751 Executing VM operation: Cleanup
Event: 39.752 Executing VM operation: Cleanup done
Event: 39.977 Executing VM operation: HandshakeAllThreads (Deoptimize)
Event: 39.978 Executing VM operation: HandshakeAllThreads (Deoptimize) done

Memory protections (0 events):
No events

Nmethod flushes (20 events):
Event: 30.684 Thread 0x0000029713a7e390 flushing  nmethod 0x0000029700210e10
Event: 30.684 Thread 0x0000029713a7e390 flushing  nmethod 0x0000029700606810
Event: 30.684 Thread 0x0000029713a7e390 flushing  nmethod 0x00000297008b9d10
Event: 30.684 Thread 0x0000029713a7e390 flushing  nmethod 0x00000297008bad10
Event: 30.684 Thread 0x0000029713a7e390 flushing  nmethod 0x0000029700912f90
Event: 30.684 Thread 0x0000029713a7e390 flushing  nmethod 0x0000029700915010
Event: 30.684 Thread 0x0000029713a7e390 flushing  nmethod 0x0000029700916110
Event: 30.684 Thread 0x0000029713a7e390 flushing  nmethod 0x0000029700952190
Event: 30.684 Thread 0x0000029713a7e390 flushing  nmethod 0x00000297009c5690
Event: 30.684 Thread 0x0000029713a7e390 flushing  nmethod 0x00000297009c5d90
Event: 30.684 Thread 0x0000029713a7e390 flushing  nmethod 0x00000297009c6890
Event: 30.684 Thread 0x0000029713a7e390 flushing  nmethod 0x00000297009c7690
Event: 30.684 Thread 0x0000029713a7e390 flushing  nmethod 0x0000029700aedc90
Event: 30.684 Thread 0x0000029713a7e390 flushing  nmethod 0x0000029700af4090
Event: 30.684 Thread 0x0000029713a7e390 flushing  nmethod 0x0000029700b2af90
Event: 30.684 Thread 0x0000029713a7e390 flushing  nmethod 0x0000029700be7010
Event: 30.684 Thread 0x0000029713a7e390 flushing  nmethod 0x0000029700be7f90
Event: 30.684 Thread 0x0000029713a7e390 flushing  nmethod 0x0000029700d1b090
Event: 30.684 Thread 0x0000029713a7e390 flushing  nmethod 0x0000029700fa2c10
Event: 30.684 Thread 0x0000029713a7e390 flushing osr nmethod 0x0000029701038610

Events (20 events):
Event: 30.661 Thread 0x000002971d0ca290 Thread added: 0x00000297244d12c0
Event: 30.661 Thread 0x000002971d0ca290 Thread added: 0x00000297244d4740
Event: 30.661 Thread 0x000002971d0ca290 Thread added: 0x00000297244cd7b0
Event: 30.661 Thread 0x000002971d0ca290 Thread added: 0x00000297244d4dd0
Event: 30.662 Thread 0x000002971d0ca290 Thread added: 0x000002971e5efb20
Event: 30.662 Thread 0x000002971d0ca290 Thread added: 0x000002971e5f2fa0
Event: 30.843 Thread 0x000002971d0ca290 Thread added: 0x000002971e5f4350
Event: 30.893 Thread 0x000002971d0ca920 Thread added: 0x000002971e5eda50
Event: 30.893 Thread 0x000002971d0ca920 Thread added: 0x000002971c6434e0
Event: 30.894 Thread 0x000002971d0ca920 Thread added: 0x000002971c642e50
Event: 30.894 Thread 0x000002971d0ca920 Thread added: 0x000002971c6462d0
Event: 30.895 Thread 0x000002971d0ca920 Thread added: 0x000002971c6406f0
Event: 30.895 Thread 0x000002971d0ca920 Thread added: 0x000002971c640060
Event: 31.708 Thread 0x000002971b438060 Thread added: 0x000002971c645c40
Event: 31.753 Thread 0x000002971b438060 Thread added: 0x000002971c643b70
Event: 31.753 Thread 0x000002971b438060 Thread added: 0x000002971c641aa0
Event: 31.948 Thread 0x000002971b576e80 Thread exited: 0x000002971b576e80
Event: 39.953 Thread 0x0000029713c34fe0 Thread added: 0x000002971b9b06f0
Event: 39.953 Thread 0x0000029713c34fe0 Thread added: 0x000002971d267030
Event: 39.976 Thread 0x0000029719d3e6d0 Thread exited: 0x0000029719d3e6d0


Dynamic libraries:
0x00007ff65f4f0000 - 0x00007ff65f4fa000 	E:\android studio\jbr\bin\java.exe
0x00007ffd1dfd0000 - 0x00007ffd1e1e7000 	C:\WINDOWS\SYSTEM32\ntdll.dll
0x00007ffd1d210000 - 0x00007ffd1d2d4000 	C:\WINDOWS\System32\KERNEL32.DLL
0x00007ffd1b6f0000 - 0x00007ffd1bac3000 	C:\WINDOWS\System32\KERNELBASE.dll
0x00007ffd1b1e0000 - 0x00007ffd1b2f1000 	C:\WINDOWS\System32\ucrtbase.dll
0x00007ffd133d0000 - 0x00007ffd133eb000 	E:\android studio\jbr\bin\VCRUNTIME140.dll
0x00007ffd005e0000 - 0x00007ffd005f8000 	E:\android studio\jbr\bin\jli.dll
0x00007ffd1bd30000 - 0x00007ffd1bee1000 	C:\WINDOWS\System32\USER32.dll
0x00007ffd1b560000 - 0x00007ffd1b586000 	C:\WINDOWS\System32\win32u.dll
0x00007ffd1d080000 - 0x00007ffd1d0a9000 	C:\WINDOWS\System32\GDI32.dll
0x00007ffd03de0000 - 0x00007ffd04078000 	C:\WINDOWS\WinSxS\amd64_microsoft.windows.common-controls_6595b64144ccf1df_6.0.22621.5124_none_270e8f4f7386d69d\COMCTL32.dll
0x00007ffd1b300000 - 0x00007ffd1b41b000 	C:\WINDOWS\System32\gdi32full.dll
0x00007ffd1b590000 - 0x00007ffd1b62a000 	C:\WINDOWS\System32\msvcp_win.dll
0x00007ffd1ce30000 - 0x00007ffd1ced7000 	C:\WINDOWS\System32\msvcrt.dll
0x00007ffd1cee0000 - 0x00007ffd1cf11000 	C:\WINDOWS\System32\IMM32.DLL
0x00007ffd13420000 - 0x00007ffd1342c000 	E:\android studio\jbr\bin\vcruntime140_1.dll
0x00007ffcff600000 - 0x00007ffcff68d000 	E:\android studio\jbr\bin\msvcp140.dll
0x00007ffcd0280000 - 0x00007ffcd0f0a000 	E:\android studio\jbr\bin\server\jvm.dll
0x00007ffd1bc70000 - 0x00007ffd1bd21000 	C:\WINDOWS\System32\ADVAPI32.dll
0x00007ffd1ddd0000 - 0x00007ffd1de78000 	C:\WINDOWS\System32\sechost.dll
0x00007ffd1bad0000 - 0x00007ffd1baf8000 	C:\WINDOWS\System32\bcrypt.dll
0x00007ffd1cba0000 - 0x00007ffd1ccb4000 	C:\WINDOWS\System32\RPCRT4.dll
0x00007ffd1cb20000 - 0x00007ffd1cb91000 	C:\WINDOWS\System32\WS2_32.dll
0x00007ffd1afb0000 - 0x00007ffd1affd000 	C:\WINDOWS\SYSTEM32\POWRPROF.dll
0x00007ffd198b0000 - 0x00007ffd198e4000 	C:\WINDOWS\SYSTEM32\WINMM.dll
0x00007ffd0ffd0000 - 0x00007ffd0ffda000 	C:\WINDOWS\SYSTEM32\VERSION.dll
0x00007ffd1af90000 - 0x00007ffd1afa3000 	C:\WINDOWS\SYSTEM32\UMPDC.dll
0x00007ffd1a110000 - 0x00007ffd1a128000 	C:\WINDOWS\SYSTEM32\kernel.appcore.dll
0x00007ffd13360000 - 0x00007ffd1336a000 	E:\android studio\jbr\bin\jimage.dll
0x00007ffd188f0000 - 0x00007ffd18b22000 	C:\WINDOWS\SYSTEM32\DBGHELP.DLL
0x00007ffd1d2e0000 - 0x00007ffd1d672000 	C:\WINDOWS\System32\combase.dll
0x00007ffd1d0b0000 - 0x00007ffd1d187000 	C:\WINDOWS\System32\OLEAUT32.dll
0x00007ffd19870000 - 0x00007ffd198a2000 	C:\WINDOWS\SYSTEM32\dbgcore.DLL
0x00007ffd1b0e0000 - 0x00007ffd1b15b000 	C:\WINDOWS\System32\bcryptPrimitives.dll
0x00007ffd026a0000 - 0x00007ffd026ae000 	E:\android studio\jbr\bin\instrument.dll
0x00007ffd13340000 - 0x00007ffd13360000 	E:\android studio\jbr\bin\java.dll
0x00007ffd11420000 - 0x00007ffd11438000 	E:\android studio\jbr\bin\zip.dll
0x00007ffd1c050000 - 0x00007ffd1c8e6000 	C:\WINDOWS\System32\SHELL32.dll
0x00007ffd1b420000 - 0x00007ffd1b55f000 	C:\WINDOWS\System32\wintypes.dll
0x00007ffd18e90000 - 0x00007ffd197aa000 	C:\WINDOWS\SYSTEM32\windows.storage.dll
0x00007ffd1cd20000 - 0x00007ffd1ce2a000 	C:\WINDOWS\System32\SHCORE.dll
0x00007ffd1cff0000 - 0x00007ffd1d053000 	C:\WINDOWS\System32\shlwapi.dll
0x00007ffd1b010000 - 0x00007ffd1b03b000 	C:\WINDOWS\SYSTEM32\profapi.dll
0x00007ffd13330000 - 0x00007ffd13340000 	E:\android studio\jbr\bin\net.dll
0x00007ffd110c0000 - 0x00007ffd111ec000 	C:\WINDOWS\SYSTEM32\WINHTTP.dll
0x00007ffd1a590000 - 0x00007ffd1a5fa000 	C:\WINDOWS\system32\mswsock.dll
0x00007ffd03b90000 - 0x00007ffd03ba6000 	E:\android studio\jbr\bin\nio.dll
0x00007ffd02810000 - 0x00007ffd02820000 	E:\android studio\jbr\bin\verify.dll
0x00007ffcff0e0000 - 0x00007ffcff107000 	C:\Users\admin\.gradle\native\c067742578af261105cb4f569cf0c3c89f3d7b1fecec35dd04571415982c5e48\windows-amd64\native-platform.dll
0x00007ffcde690000 - 0x00007ffcde7d4000 	C:\Users\admin\.gradle\native\100fb08df4bc3b14c8652ba06237920a3bd2aa13389f12d3474272988ae205f9\windows-amd64\native-platform-file-events.dll
0x00007ffd05b50000 - 0x00007ffd05b59000 	E:\android studio\jbr\bin\management.dll
0x00007ffd03b80000 - 0x00007ffd03b8b000 	E:\android studio\jbr\bin\management_ext.dll
0x00007ffd1d060000 - 0x00007ffd1d068000 	C:\WINDOWS\System32\PSAPI.DLL
0x00007ffd1a7e0000 - 0x00007ffd1a7fb000 	C:\WINDOWS\SYSTEM32\CRYPTSP.dll
0x00007ffd1a070000 - 0x00007ffd1a0a7000 	C:\WINDOWS\system32\rsaenh.dll
0x00007ffd1a680000 - 0x00007ffd1a6a8000 	C:\WINDOWS\SYSTEM32\USERENV.dll
0x00007ffd1a800000 - 0x00007ffd1a80c000 	C:\WINDOWS\SYSTEM32\CRYPTBASE.dll
0x00007ffd19b80000 - 0x00007ffd19bad000 	C:\WINDOWS\SYSTEM32\IPHLPAPI.DLL
0x00007ffd1cb10000 - 0x00007ffd1cb19000 	C:\WINDOWS\System32\NSI.dll
0x00007ffd11410000 - 0x00007ffd11419000 	E:\android studio\jbr\bin\extnet.dll
0x00007ffcd53e0000 - 0x00007ffcd53e8000 	C:\WINDOWS\system32\wshunix.dll
0x00007ffd1a220000 - 0x00007ffd1a254000 	C:\WINDOWS\SYSTEM32\ntmarta.dll

dbghelp: loaded successfully - version: 4.0.5 - missing functions: none
symbol engine: initialized successfully - sym options: 0x614 - pdb path: .;E:\android studio\jbr\bin;C:\WINDOWS\SYSTEM32;C:\WINDOWS\WinSxS\amd64_microsoft.windows.common-controls_6595b64144ccf1df_6.0.22621.5124_none_270e8f4f7386d69d;E:\android studio\jbr\bin\server;C:\Users\admin\.gradle\native\c067742578af261105cb4f569cf0c3c89f3d7b1fecec35dd04571415982c5e48\windows-amd64;C:\Users\admin\.gradle\native\100fb08df4bc3b14c8652ba06237920a3bd2aa13389f12d3474272988ae205f9\windows-amd64

VM Arguments:
jvm_args: --add-opens=java.base/java.lang=ALL-UNNAMED --add-opens=java.base/java.lang.invoke=ALL-UNNAMED --add-opens=java.base/java.util=ALL-UNNAMED --add-opens=java.prefs/java.util.prefs=ALL-UNNAMED --add-exports=jdk.compiler/com.sun.tools.javac.api=ALL-UNNAMED --add-exports=jdk.compiler/com.sun.tools.javac.util=ALL-UNNAMED --add-opens=java.base/java.util=ALL-UNNAMED --add-opens=java.prefs/java.util.prefs=ALL-UNNAMED --add-opens=java.base/java.nio.charset=ALL-UNNAMED --add-opens=java.base/java.net=ALL-UNNAMED --add-opens=java.base/java.util.concurrent.atomic=ALL-UNNAMED --add-opens=java.xml/javax.xml.namespace=ALL-UNNAMED -Xmx2048m -Dfile.encoding=UTF-8 -Duser.country=US -Duser.language=en -Duser.variant -javaagent:C:\Users\admin\.gradle\wrapper\dists\gradle-8.11.1-bin\bpt9gzteqjrbo1mjrsomdt32c\gradle-8.11.1\lib\agents\gradle-instrumentation-agent-8.11.1.jar 
java_command: org.gradle.launcher.daemon.bootstrap.GradleDaemon 8.11.1
java_class_path (initial): C:\Users\admin\.gradle\wrapper\dists\gradle-8.11.1-bin\bpt9gzteqjrbo1mjrsomdt32c\gradle-8.11.1\lib\gradle-daemon-main-8.11.1.jar
Launcher Type: SUN_STANDARD

[Global flags]
     intx CICompilerCount                          = 4                                         {product} {ergonomic}
     uint ConcGCThreads                            = 2                                         {product} {ergonomic}
     uint G1ConcRefinementThreads                  = 8                                         {product} {ergonomic}
   size_t G1HeapRegionSize                         = 1048576                                   {product} {ergonomic}
    uintx GCDrainStackTargetSize                   = 64                                        {product} {ergonomic}
   size_t InitialHeapSize                          = 130023424                                 {product} {ergonomic}
   size_t MarkStackSize                            = 4194304                                   {product} {ergonomic}
   size_t MaxHeapSize                              = 2147483648                                {product} {command line}
   size_t MaxNewSize                               = 1287651328                                {product} {ergonomic}
   size_t MinHeapDeltaBytes                        = 1048576                                   {product} {ergonomic}
   size_t MinHeapSize                              = 8388608                                   {product} {ergonomic}
    uintx NonNMethodCodeHeapSize                   = 5839372                                {pd product} {ergonomic}
    uintx NonProfiledCodeHeapSize                  = 122909434                              {pd product} {ergonomic}
    uintx ProfiledCodeHeapSize                     = 122909434                              {pd product} {ergonomic}
    uintx ReservedCodeCacheSize                    = 251658240                              {pd product} {ergonomic}
     bool SegmentedCodeCache                       = true                                      {product} {ergonomic}
   size_t SoftMaxHeapSize                          = 2147483648                             {manageable} {ergonomic}
     bool UseCompressedOops                        = true                           {product lp64_product} {ergonomic}
     bool UseG1GC                                  = true                                      {product} {ergonomic}
     bool UseLargePagesIndividualAllocation        = false                                  {pd product} {ergonomic}

Logging:
Log output configuration:
 #0: stdout all=warning uptime,level,tags foldmultilines=false
 #1: stderr all=off uptime,level,tags foldmultilines=false

Environment Variables:
JAVA_HOME=E:\Program Files\Java
PATH=C:\Program Files (x86)\Common Files\Oracle\Java\java8path;C:\Program Files\Common Files\Oracle\Java\javapath;C:\Program Files (x86)\Common Files\Oracle\Java\javapath;C:\Program Files\Microsoft MPI\Bin\;C:\Windows\system32;C:\Windows;C:\Windows\System32\Wbem;C:\Windows\System32\WindowsPowerShell\v1.0\;C:\Windows\System32\OpenSSH\;E:\java\bin;C:\Program Files\dotnet\;C:\Program Files\Microsoft SQL Server\150\Tools\Binn\;E:\matlab\MATLAB\R2018b\runtime\win64;E:\matlab\MATLAB\R2018b\bin;C:\WINDOWS\system32;C:\WINDOWS;C:\WINDOWS\System32\Wbem;C:\WINDOWS\System32\WindowsPowerShell\v1.0\;C:\WINDOWS\System32\OpenSSH\;C:\Program Files (x86)\Microsoft SQL Server\160\Tools\Binn\;C:\Program Files\Microsoft SQL Server\160\Tools\Binn\;C:\Program Files\Microsoft SQL Server\Client SDK\ODBC\170\Tools\Binn\;C:\Program Files\Microsoft SQL Server\160\DTS\Binn\;E:\Program Files\Java\bin;C:\Users\admin\AppData\Local\Programs\Microsoft VS Code\bin;C:\intelFPGA_lite\18.1\nios2eds\bin\gnu\H-x86_64-mingw32\bin;E:\NI_Myrio\Shared\LabVIEW CLI;C:\Program Files (x86)\IVI Foundation\VISA\WinNT\Bin\;C:\Program Files\IVI Foundation\VISA\Win64\Bin\;C:\Program Files (x86)\IVI Foundation\VISA\WinNT\Bin;C:\Program Files\Git\cmd;C:\intelFPGA_lite\18.1\nios2eds\bin\gnu\H-x86_64-mingw32\bin
USERNAME=admin
OS=Windows_NT
PROCESSOR_IDENTIFIER=Intel64 Family 6 Model 140 Stepping 2, GenuineIntel
TMP=C:\Users\admin\AppData\Local\Temp
TEMP=C:\Users\admin\AppData\Local\Temp




Periodic native trim disabled

JNI global refs:
JNI global refs: 27, weak refs: 0

JNI global refs memory usage: 835, weak refs: 201

Process memory usage:
Resident Set Size: 412616K (5% of 8125216K total physical memory with 804772K free physical memory)

OOME stack traces (most recent first):
Classloader memory used:
